<?xml version="1.0" encoding="ISO-8859-1"?>
<configuration>
  <import>classpath:/conf/portal/testjcr/test-jcr-configuration.xml</import> 
</configuration>
