<?xml version="1.0" encoding="ISO-8859-1"?>
<!--

    Copyright (C) 2009 eXo Platform SAS.

    This is free software; you can redistribute it and/or modify it
    under the terms of the GNU Lesser General Public License as
    published by the Free Software Foundation; either version 2.1 of
    the License, or (at your option) any later version.

    This software is distributed in the hope that it will be useful,
    but WITHOUT ANY WARRANTY; without even the implied warranty of
    MERCHANTABILITY or FITNESS FOR A PARTICULAR PURPOSE. See the GNU
    Lesser General Public License for more details.

    You should have received a copy of the GNU Lesser General Public
    License along with this software; if not, write to the Free
    Software Foundation, Inc., 51 Franklin St, Fifth Floor, Boston, MA
    02110-1301 USA, or see the FSF site: http://www.fsf.org.

-->
<configuration
   xmlns:xsi="http://www.w3.org/2001/XMLSchema-instance"
   xsi:schemaLocation="http://www.exoplaform.org/xml/ns/kernel_1_0.xsd http://www.exoplaform.org/xml/ns/kernel_1_0.xsd"
   xmlns="http://www.exoplaform.org/xml/ns/kernel_1_0.xsd">
  
  <component>
    <key>org.exoplatform.commons.chromattic.ChromatticManager</key>
    <type>org.exoplatform.commons.chromattic.ChromatticManager</type>
  </component>

  <component>
    <key>org.exoplatform.services.organization.OrganizationService</key>
    <type>org.exoplatform.services.organization.hibernate.OrganizationServiceImpl</type>
  </component>

  <component>
    <key>org.exoplatform.services.security.Authenticator</key>
    <type>org.exoplatform.services.organization.auth.OrganizationAuthenticatorImpl</type>
  </component>

  <component>
    <key>org.exoplatform.services.database.HibernateService</key>
    <type>org.exoplatform.services.database.impl.HibernateServiceImpl</type>
    <init-params>
      <properties-param>
        <name>hibernate.properties</name>
        <description>Default Hibernate Service</description>
        <property name="hibernate.show_sql" value="false" />
        <property name="hibernate.cglib.use_reflection_optimizer" value="true" />
        <property name="hibernate.connection.url" value="jdbc:hsqldb:mem:target/temp/data/portal" />
        <property name="hibernate.connection.driver_class" value="org.hsqldb.jdbcDriver" />
        <property name="hibernate.connection.autocommit" value="true" />
        <property name="hibernate.connection.username" value="sa" />
        <property name="hibernate.connection.password" value="" />
        <property name="hibernate.dialect" value="org.hibernate.dialect.HSQLDialect" />
        <property name="hibernate.c3p0.min_size" value="5" />
        <property name="hibernate.c3p0.max_size" value="20" />
        <property name="hibernate.c3p0.timeout" value="1800" />
        <property name="hibernate.c3p0.max_statements" value="50" />
      </properties-param>
    </init-params>
  </component>

  <external-component-plugins>
    <target-component>org.exoplatform.services.database.HibernateService</target-component>
    <component-plugin>
      <name>add.hibernate.mapping</name>
      <set-method>addPlugin</set-method>
      <type>org.exoplatform.services.database.impl.AddHibernateMappingPlugin</type>
      <init-params>
        <values-param>
          <name>hibernate.mapping</name>
          <value>org/exoplatform/services/organization/impl/UserImpl.hbm.xml</value>
          <value>org/exoplatform/services/organization/impl/MembershipImpl.hbm.xml</value>
          <value>org/exoplatform/services/organization/impl/GroupImpl.hbm.xml</value>
          <value>org/exoplatform/services/organization/impl/MembershipTypeImpl.hbm.xml</value>
          <value>org/exoplatform/services/organization/impl/UserProfileData.hbm.xml</value>
        </values-param>
      </init-params>
    </component-plugin>
  </external-component-plugins>

  <remove-configuration>org.exoplatform.services.cache.ExoCacheFactory</remove-configuration>
  <remove-configuration>org.exoplatform.services.scheduler.JobSchedulerService</remove-configuration>
</configuration>