<repository-service default-repository="db1">
  <repositories>
    <repository name="db1" system-workspace="ws" default-workspace="ws">
      <security-domain>gatein-domain</security-domain>
      <!-- access-control>optional</access-control -->
      <!-- access-control>disable</access-control -->
      <session-max-age>3600000</session-max-age><!-- 60min -->
      <authentication-policy>org.exoplatform.services.jcr.impl.core.access.JAASAuthenticator</authentication-policy>
      <workspaces>
        <workspace name="ws" auto-init-root-nodetype="nt:unstructured">
          <!-- for system storage -->
          <container class="org.exoplatform.services.jcr.impl.storage.jdbc.JDBCWorkspaceDataContainer">
            <properties>
              <property name="sourceName" value="jdbcjcr" />
              <property name="dialect" value="generic" />
              <!-- example of direct jdbc connection usage (without JNDI), see docs for details -->
              <!-- property name="driverClassName" value="org.hsqldb.jdbcDriver"/>
                <property name="url" value="jdbc:hsqldb:file:target/temp/data/portal"/>
                <property name="username" value="sa"/>
                <property name="password" value=""/ -->
              <property name="multi-db" value="true" />
              <property name="update-storage" value="false" />
              <property name="max-buffer-size" value="204800" />
              <property name="swap-directory" value="target/temp/swap/ws" />
            </properties>
            <value-storages>
              <value-storage id="Storage #1"
                class="org.exoplatform.services.jcr.impl.storage.value.fs.TreeFileValueStorage">
                <properties>
                  <property name="path" value="target/temp/values/ws/files10m" />
                </properties>
                <filters>
                  <filter property-type="Binary" min-value-size="10240000" />
                </filters>
              </value-storage>
              <value-storage id="Storage #2"
                class="org.exoplatform.services.jcr.impl.storage.value.fs.TreeFileValueStorage">
                <properties>
                  <property name="path" value="target/temp/values/ws" />
                </properties>
                <filters>
                  <filter property-type="Binary" min-value-size="204800" />
                </filters>
              </value-storage>
              <!--value-storage class="org.exoplatform.services.jcr.impl.storage.value.s3.SimpleS3ValueStorage">
                <properties>
                  <property name="bucket" value="jcr"/>
                  <property name="aws-access-key" value="INSERT YOUR AWS ACCESS KEY ID HERE"/>
                  <property name="aws-secret-access-key" value="INSERT YOUR AWS SECRET ACCESS KEY HERE"/>
                  <property name="s3-swap-directory" value="target/temp/s3swap/ws"/>
                </properties>
                <filters>
                <filter property-type="Binary"/>
                </filters>
                </value-storage-->
            </value-storages>
          </container>
          <!-- 
          <cache enabled="false">
            <properties>
              <property name="maxSize" value="500" />
              <property name="liveTime" value="300" />
            </properties>
          </cache>
          -->
          <query-handler class="org.exoplatform.services.jcr.impl.core.query.lucene.SearchIndex">
            <properties>
              <property name="indexDir" value="target/temp/index" />
            </properties>
          </query-handler>
          <lock-manager>
            <time-out>900000</time-out><!-- 15min -->
            <persister class="org.exoplatform.services.jcr.impl.core.lock.FileSystemLockPersister">
              <properties>
                <property name="path" value="target/temp/lock" />
              </properties>
            </persister>
          </lock-manager>
        </workspace>
        <workspace name="ws1" auto-init-root-nodetype="nt:unstructured">
          <container class="org.exoplatform.services.jcr.impl.storage.jdbc.JDBCWorkspaceDataContainer">
            <properties>
              <property name="sourceName" value="jdbcjcr1" />
              <property name="dialect" value="generic" />
              <property name="multi-db" value="true" />
              <property name="update-storage" value="false" />
              <property name="max-buffer-size" value="204800" />
              <property name="swap-directory" value="target/temp/swap/ws1" />
            </properties>
            <value-storages>
              <!-- value-storage class="org.exoplatform.services.jcr.impl.storage.value.fs.TreeFileValueStorage">
                <properties>
                <property name="path" value="target/temp/values/ws1"/>
                </properties>
                <filters>
                <filter property-type="Binary"/>
                </filters>
                </value-storage-->
              <!-- value-storage class="org.exoplatform.services.jcr.impl.storage.value.s3.SimpleS3ValueStorage">
                <properties>
                <property name="bucket" value="jcr2"/>
                <property name="aws-access-key" value="INSERT YOUR AWS ACCESS KEY ID HERE"/>
                <property name="aws-secret-access-key" value="INSERT YOUR AWS SECRET ACCESS KEY HERE"/>
                <property name="s3-swap-directory" value="target/temp/s3swap/ws1"/>
                </properties>
                <filters>
                <filter property-type="Binary"/>
                </filters>
                </value-storage-->
            </value-storages>
          </container>
          <!-- 
          <cache enabled="false">
            <properties>
              <property name="maxSize" value="10000" />
              <property name="liveTime" value="300" />
            </properties>
          </cache>
          -->
          <query-handler class="org.exoplatform.services.jcr.impl.core.query.lucene.SearchIndex">
            <properties>
              <property name="indexDir" value="target/temp/index" />
            </properties>
          </query-handler>
        </workspace>
        <workspace name="ws2" auto-init-root-nodetype="nt:unstructured">
          <container class="org.exoplatform.services.jcr.impl.storage.jdbc.JDBCWorkspaceDataContainer">
            <properties>
              <property name="sourceName" value="jdbcjcr2" />
              <property name="dialect" value="generic" />
              <property name="multi-db" value="true" />
              <property name="update-storage" value="false" />
              <property name="max-buffer-size" value="204800" />
              <property name="swap-directory" value="target/temp/swap/ws2" />
            </properties>
            <value-storages>
              <!-- value-storage class="org.exoplatform.services.jcr.impl.storage.value.fs.TreeFileValueStorage">
                <properties>
                <property name="path" value="target/temp/values/ws2"/>
                </properties>
                <filters>
                <filter property-type="Binary"/>
                </filters>
                </value-storage-->
              <!-- value-storage class="org.exoplatform.services.jcr.impl.storage.value.s3.SimpleS3ValueStorage">
                <properties>
                <property name="bucket" value="jcr3"/>
                <property name="aws-access-key" value="INSERT YOUR AWS ACCESS KEY ID HERE"/>
                <property name="aws-secret-access-key" value="INSERT YOUR AWS SECRET ACCESS KEY HERE"/>
                <property name="s3-swap-directory" value="target/temp/s3swap/ws2"/>
                </properties>
                <filters>
                <filter property-type="Binary"/>
                </filters>
                </value-storage-->
            </value-storages>
          </container>
          <!-- 
          <cache enabled="false">
            <properties>
              <property name="maxSize" value="10000" />
              <property name="liveTime" value="300" />
            </properties>
          </cache>
          -->
          <query-handler class="org.exoplatform.services.jcr.impl.core.query.lucene.SearchIndex">
            <properties>
              <property name="indexDir" value="target/temp/index" />
            </properties>
          </query-handler>
        </workspace>
      </workspaces>
    </repository>
    <repository name="db1tck" system-workspace="ws" default-workspace="ws">
      <security-domain>gatein-domain</security-domain>
      <!-- access-control>optional</access-control -->
      <!-- access-control>disable</access-control -->
      <session-max-age>3600000</session-max-age><!-- 60min -->
      <authentication-policy>org.exoplatform.services.jcr.impl.core.access.JAASAuthenticator</authentication-policy>
      <workspaces>
        <workspace name="ws" auto-init-root-nodetype="nt:unstructured">
          <!-- for system storage -->
          <container class="org.exoplatform.services.jcr.impl.storage.jdbc.JDBCWorkspaceDataContainer">
            <properties>
              <property name="sourceName" value="jdbcjcrtck" />
              <property name="dialect" value="generic" />
              <!-- example of direct jdbc connection usage (without JNDI), see docs for details -->
              <!-- property name="driverClassName" value="org.hsqldb.jdbcDriver"/>
                <property name="url" value="jdbc:hsqldb:file:target/temp/data/portal"/>
                <property name="username" value="sa"/>
                <property name="password" value=""/ -->
              <property name="multi-db" value="true" />
              <property name="update-storage" value="false" />
              <property name="max-buffer-size" value="204800" />
              <property name="swap-directory" value="target/temp/swap/wstck" />
            </properties>
            <value-storages>
              <value-storage id="Storage #1"
                class="org.exoplatform.services.jcr.impl.storage.value.fs.TreeFileValueStorage">
                <properties>
                  <property name="path" value="target/temp/values/wstck/files10m" />
                </properties>
                <filters>
                  <filter property-type="Binary" min-value-size="10240000" />
                </filters>
              </value-storage>
              <value-storage id="Storage #2"
                class="org.exoplatform.services.jcr.impl.storage.value.fs.TreeFileValueStorage">
                <properties>
                  <property name="path" value="target/temp/values/wstck" />
                </properties>
                <filters>
                  <filter property-type="Binary" min-value-size="204800" />
                </filters>
              </value-storage>
              <!--value-storage class="org.exoplatform.services.jcr.impl.storage.value.s3.SimpleS3ValueStorage">
                <properties>
                  <property name="bucket" value="jcr"/>
                  <property name="aws-access-key" value="INSERT YOUR AWS ACCESS KEY ID HERE"/>
                  <property name="aws-secret-access-key" value="INSERT YOUR AWS SECRET ACCESS KEY HERE"/>
                  <property name="s3-swap-directory" value="target/temp/s3swap/ws"/>
                </properties>
                <filters>
                <filter property-type="Binary"/>
                </filters>
                </value-storage-->
            </value-storages>
          </container>
          <!-- 
          <cache enabled="true">
            <properties>
              <property name="maxSize" value="500" />
              <property name="liveTime" value="300" />
            </properties>
          </cache>
           -->
          <query-handler class="org.exoplatform.services.jcr.impl.core.query.lucene.SearchIndex">
            <properties>
              <property name="indexDir" value="target/temp/indextck" />
            </properties>
          </query-handler>
          <lock-manager>
            <time-out>900000</time-out><!-- 15min -->
            <persister class="org.exoplatform.services.jcr.impl.core.lock.FileSystemLockPersister">
              <properties>
                <property name="path" value="target/temp/locktck" />
              </properties>
            </persister>
          </lock-manager>
        </workspace>
        <workspace name="ws1" auto-init-root-nodetype="nt:unstructured">
          <container class="org.exoplatform.services.jcr.impl.storage.jdbc.JDBCWorkspaceDataContainer">
            <properties>
              <property name="sourceName" value="jdbcjcr1tck" />
              <property name="dialect" value="generic" />
              <property name="multi-db" value="true" />
              <property name="update-storage" value="false" />
              <property name="max-buffer-size" value="204800" />
              <property name="swap-directory" value="target/temp/swap/ws1tck" />
            </properties>
            <value-storages>
              <!-- value-storage class="org.exoplatform.services.jcr.impl.storage.value.fs.TreeFileValueStorage">
                <properties>
                <property name="path" value="target/temp/values/ws1tck"/>
                </properties>
                <filters>
                <filter property-type="Binary"/>
                </filters>
                </value-storage-->
              <!-- value-storage class="org.exoplatform.services.jcr.impl.storage.value.s3.SimpleS3ValueStorage">
                <properties>
                <property name="bucket" value="jcr2"/>
                <property name="aws-access-key" value="INSERT YOUR AWS ACCESS KEY ID HERE"/>
                <property name="aws-secret-access-key" value="INSERT YOUR AWS SECRET ACCESS KEY HERE"/>
                <property name="s3-swap-directory" value="target/temp/s3swap/ws1tck"/>
                </properties>
                <filters>
                <filter property-type="Binary"/>
                </filters>
                </value-storage-->
            </value-storages>
          </container>
          <!-- 
          <cache enabled="true">
            <properties>
              <property name="maxSize" value="10000" />
              <property name="liveTime" value="300" />
            </properties>
          </cache>
           -->
          <query-handler class="org.exoplatform.services.jcr.impl.core.query.lucene.SearchIndex">
            <properties>
              <property name="indexDir" value="target/temp/indextck" />
            </properties>
          </query-handler>
        </workspace>
        <workspace name="ws2" auto-init-root-nodetype="nt:unstructured">
          <container class="org.exoplatform.services.jcr.impl.storage.jdbc.JDBCWorkspaceDataContainer">
            <properties>
              <property name="sourceName" value="jdbcjcr2tck" />
              <property name="dialect" value="generic" />
              <property name="multi-db" value="true" />
              <property name="update-storage" value="false" />
              <property name="max-buffer-size" value="204800" />
              <property name="swap-directory" value="target/temp/swap/ws2tck" />
            </properties>
            <value-storages>
              <!-- value-storage class="org.exoplatform.services.jcr.impl.storage.value.fs.TreeFileValueStorage">
                <properties>
                <property name="path" value="target/temp/values/ws2tck"/>
                </properties>
                <filters>
                <filter property-type="Binary"/>
                </filters>
                </value-storage-->
              <!-- value-storage class="org.exoplatform.services.jcr.impl.storage.value.s3.SimpleS3ValueStorage">
                <properties>
                <property name="bucket" value="jcr3"/>
                <property name="aws-access-key" value="INSERT YOUR AWS ACCESS KEY ID HERE"/>
                <property name="aws-secret-access-key" value="INSERT YOUR AWS SECRET ACCESS KEY HERE"/>
                <property name="s3-swap-directory" value="target/temp/s3swap/ws2tck"/>
                </properties>
                <filters>
                <filter property-type="Binary"/>
                </filters>
                </value-storage-->
            </value-storages>
          </container>
          <!-- 
          <cache enabled="true">
            <properties>
              <property name="maxSize" value="10000" />
              <property name="liveTime" value="300" />
            </properties>
          </cache>
           -->
          <query-handler class="org.exoplatform.services.jcr.impl.core.query.lucene.SearchIndex">
            <properties>
              <property name="indexDir" value="target/temp/indextck" />
            </properties>
          </query-handler>
        </workspace>
      </workspaces>
    </repository>    
  </repositories>
</repository-service>