<?xml version="1.0" encoding="ISO-8859-1"?>
<configuration
   xmlns:xsi="http://www.w3.org/2001/XMLSchema-instance"
   xsi:schemaLocation="http://www.exoplaform.org/xml/ns/kernel_1_0.xsd http://www.exoplaform.org/xml/ns/kernel_1_0.xsd"
   xmlns="http://www.exoplaform.org/xml/ns/kernel_1_0.xsd">


  <component>
    <type>org.exoplatform.faq.service.impl.JCRDataStorage</type>
  </component>
  
  <component>
    <key>org.exoplatform.services.log.LogConfigurationInitializer</key>
    <type>org.exoplatform.services.log.LogConfigurationInitializer</type>
    <init-params>
      <value-param>
        <name>logger</name>
        <value>org.exoplatform.services.log.impl.BufferedLog4JLogger</value>
      </value-param>
      <value-param>
        <name>configurator</name>
        <value>org.exoplatform.services.log.impl.Log4JConfigurator</value>
      </value-param>
      <properties-param>
        <name>properties</name>
        <description>Log4J properties</description>
        <property name="log4j.rootLogger" value="INFO, stdout, file"/>

        <property name="log4j.appender.stdout" value="org.apache.log4j.ConsoleAppender"/>
        <property name="log4j.appender.stdout.threshold" value="INFO"/>

        <property name="log4j.appender.stdout.layout" value="org.apache.log4j.PatternLayout"/>
        <property name="log4j.appender.stdout.layout.ConversionPattern" value="%d{dd.MM.yyyy HH:mm:ss} *%-5p* [%t] %c{1}: %m (%F, line %L) %n"/>

        <property name="log4j.appender.file" value="org.apache.log4j.FileAppender"/>
        <property name="log4j.appender.file.File" value="target/jcr.log"/>

        <property name="log4j.appender.file.layout" value="org.apache.log4j.PatternLayout"/>
        <property name="log4j.appender.file.layout.ConversionPattern" value="%d{dd.MM.yyyy HH:mm:ss} *%-5p* [%t] %c{1}: %m (%F, line %L) %n"/>

        <!-- property name="log4j.category.ext.BackupScheduler" value="DEBUG"/>
        <property name="log4j.category.ext.BackupManagerImpl" value="DEBUG"/ -->

      </properties-param>
    </init-params>
  </component>
  
  <!-- component>
    <key>org.exoplatform.services.organization.auth.AuthenticationService</key>
    <type>org.exoplatform.services.organization.auth.impl.AuthenticationServiceImpl</type>
  </component-->
  
  <!-- REST -->
  <!-- 
  <component>
    <type>org.exoplatform.services.jcr.ext.registry.RESTRegistryService</type>
  </component>
  -->
	<component>
		<type>org.exoplatform.services.jcr.ext.app.ThreadLocalSessionProviderService</type>
	</component>

  <component>
    <key>org.exoplatform.services.jcr.ext.hierarchy.NodeHierarchyCreator</key>
    <type>org.exoplatform.services.jcr.ext.hierarchy.impl.NodeHierarchyCreatorImpl</type>
  </component>  
  
  
<!-- 
  <component>
    <type>org.exoplatform.services.rest.ResourceDispatcher</type>
  </component>

  <component>
  	<type>org.exoplatform.services.rest.ResourceBinder</type>
    <init-params>
    	<value-param>
    		<name>strategy</name>
    		<value>org.exoplatform.services.rest.container.HTTPAnnotatedContainerResolvingStrategy</value>
    	</value-param>
    </init-params>
 	</component>
-->
  <component>
	  <type>org.exoplatform.services.jcr.ext.registry.RegistryService</type>
	  <init-params>
	    <properties-param>
	    <name>locations</name>
	    <property name="repository" value="system"/>
	    </properties-param>
	  </init-params>
	</component>

    <!-- component>
      <key>org.exoplatform.services.jcr.ext.audit.AuditService</key>
      <type>org.exoplatform.services.jcr.ext.audit.AuditServiceImpl</type>
    </component-->

 <!--   <component>
      <key>org.exoplatform.services.mail.MailService</key>
      <type>org.exoplatform.services.mail.MailService</type>
    </component>-->

    <component>
      <key>org.exoplatform.services.jcr.RepositoryService</key>
      <type>org.exoplatform.services.jcr.impl.RepositoryServiceImpl</type>
      <component-plugins>
        <component-plugin>
          <name>add.nodeType</name>
          <set-method>addPlugin</set-method>
          <type>org.exoplatform.services.jcr.impl.AddNodeTypePlugin</type>
          <init-params>
	          <values-param>
	            <name>autoCreatedInNewRepository</name>
	            <description>Node types configuration file</description>

	            <value>jar:/conf/portal/test-faq-nodetypes.xml</value>	            
	          </values-param>
	        </init-params>
        </component-plugin>
      </component-plugins>
    </component>

 <!--    
  <component>
    <key>org.exoplatform.services.resources.LocaleConfigService</key>
    <type>org.exoplatform.services.resources.impl.LocaleConfigServiceImpl</type>
      <init-params>
        <value-param>
          <name>locale.config.file</name>
          <value>jar:/conf/portal/locales-config.xml</value>
        </value-param>
      </init-params>
  </component>
  -->
  
    <component>
      <key>org.exoplatform.services.jcr.config.RepositoryServiceConfiguration</key>
      <type>org.exoplatform.services.jcr.impl.config.RepositoryServiceConfigurationImpl</type>
      <init-params>
        <value-param>
          <name>conf-path</name>
          <description>JCR configuration file</description>
          <value>jar:/conf/portal/repository-configuration.xml</value>
        </value-param>
      </init-params>
  </component>

  <!--component>
    <type>org.exoplatform.services.organization.impl.mock.DummyOrganizationService</type>
  </component-->
  
<!--  <component>
		<key>org.exoplatform.sample.service.FAQService</key>
		<type>org.exoplatform.faq.service.impl.FAQServiceImpl</type>
	</component>
-->
<!-- 
  <component>
    <key>org.exoplatform.services.database.HibernateService</key>
    <jmx-name>database:type=HibernateService</jmx-name>
    <type>org.exoplatform.services.database.impl.HibernateServiceImpl</type>
    <init-params>
      <properties-param>
        <name>hibernate.properties</name>
        <description>Default Hibernate Service</description>
        <property name="hibernate.show_sql" value="false"/>
        <property name="hibernate.cglib.use_reflection_optimizer" value="true"/>
        <property name="hibernate.connection.url" value="jdbc:hsqldb:mem:../temp/data/exodb"/>
        <property name="hibernate.connection.driver_class" value="org.hsqldb.jdbcDriver"/>
        <property name="hibernate.connection.autocommit" value="true"/>
        <property name="hibernate.connection.username" value="sa"/>
        <property name="hibernate.connection.password" value=""/>
        <property name="hibernate.dialect" value="org.hibernate.dialect.HSQLDialect"/>
        <property name="hibernate.c3p0.min_size" value="5"/>
        <property name="hibernate.c3p0.max_size" value="20"/>
        <property name="hibernate.c3p0.timeout" value="1800"/>
        <property name="hibernate.c3p0.max_statements" value="50"/>
      </properties-param>
    </init-params>
  </component>
   -->
 <!-- 
 <component>
    <key>org.exoplatform.services.organization.OrganizationService</key>
    <type>org.exoplatform.services.organization.hibernate.OrganizationServiceImpl</type>
  </component>
 -->

	<external-component-plugins>
		<target-component>org.exoplatform.faq.service.FAQService</target-component>
		<component-plugin> 
      <name>add.rss.init</name>
      <set-method>addInitRssPlugin</set-method>
      <type>org.exoplatform.ks.common.conf.InitialRSSListener</type>
      <init-params>		
				<value-param>
				  <name>initRss</name>
				  <value>false</value>
				</value-param>
		  </init-params>
		</component-plugin>  
	</external-component-plugins>
	
  <external-component-plugins>
    <target-component>org.exoplatform.services.database.HibernateService</target-component>
    <component-plugin> 
      <name>add.hibernate.mapping</name>
      <set-method>addPlugin</set-method>
      <type>org.exoplatform.services.database.impl.AddHibernateMappingPlugin</type>
      <init-params>
        <values-param>
          <name>hibernate.mapping</name>
          <value>org/exoplatform/services/organization/impl/UserImpl.hbm.xml</value>
          <value>org/exoplatform/services/organization/impl/MembershipImpl.hbm.xml</value>
          <value>org/exoplatform/services/organization/impl/GroupImpl.hbm.xml</value>
          <value>org/exoplatform/services/organization/impl/MembershipTypeImpl.hbm.xml</value>
          <value>org/exoplatform/services/organization/impl/UserProfileData.hbm.xml</value>
        </values-param>
      </init-params>
    </component-plugin>
  </external-component-plugins>
  
	<external-component-plugins>
    <target-component>org.exoplatform.services.naming.InitialContextInitializer</target-component>
    <component-plugin>
      <name>bind.datasource</name>
      <set-method>addPlugin</set-method>
      <type>org.exoplatform.services.naming.BindReferencePlugin</type>
      <init-params>
        <value-param>
          <name>bind-name</name>
          <value>jdbcexo</value>
        </value-param>
        <value-param>
          <name>class-name</name>
          <value>javax.sql.DataSource</value>
        </value-param>
        <value-param>
          <name>factory</name>
          <value>org.apache.commons.dbcp.BasicDataSourceFactory</value>
        </value-param>
        <properties-param>
          <name>ref-addresses</name>
          <description>ref-addresses</description>
          <property name="driverClassName" value="org.hsqldb.jdbcDriver"/>
          <property name="url" value="jdbc:hsqldb:mem:target/temp/data/portal"/>
          <property name="username" value="sa"/>
          <property name="password" value=""/>
        </properties-param>
      </init-params>
    </component-plugin>        
  </external-component-plugins>
  
  <external-component-plugins>
    <target-component>org.exoplatform.services.listener.ListenerService</target-component>
    <component-plugin>
      <name>exo.service.authentication.login</name>
      <set-method>addListener</set-method>
      <type>org.exoplatform.services.organization.auth.MembershipListener</type>
    </component-plugin>
  </external-component-plugins>
  
			
	<external-component-plugins>
    <target-component>org.exoplatform.services.jcr.ext.hierarchy.NodeHierarchyCreator</target-component>
    <component-plugin>
	    <name>addPaths</name>
	    <set-method>addPlugin</set-method>
	    <type>org.exoplatform.services.jcr.ext.hierarchy.impl.AddPathPlugin</type>            
	    <init-params>
	      <object-param>
	        <name>cms.configuration</name>
	        <description>configuration for the cms path</description>
	        <object type="org.exoplatform.services.jcr.ext.hierarchy.impl.HierarchyConfig">
	        	<field  name="repository"><string>repository</string></field>
	        	<field name="workspaces">
	          	<collection type="java.util.ArrayList">
	          		<value><string>collaboration</string></value>	          		               
	          	</collection>              	
	          </field>
	          <field  name="jcrPaths">
	          	<collection type="java.util.ArrayList">
	          		<value>              	
		             	<object type="org.exoplatform.services.jcr.ext.hierarchy.impl.HierarchyConfig$JcrPath">              	 	
		             		<field  name="alias"><string>eXoApplications</string></field>
		                <field  name="path"><string>/exo:applications</string></field>		                				            	
		                <field name="permissions">
				              <collection type="java.util.ArrayList">               
				                <value>                            
				                  <object type="org.exoplatform.services.jcr.ext.hierarchy.impl.HierarchyConfig$Permission">             
				                      <field name="identity"><string>*:/platform/administrators</string></field>
				                      <field name="read"><string>true</string></field>                
				                      <field name="addNode"><string>true</string></field>                
				                      <field name="setProperty"><string>true</string></field>                
				                      <field name="remove"><string>true</string></field>                
				                    </object>  
				                </value>			                  
			                </collection>
			              </field>   			               
	              	</object>
              	</value>
             		<value>              	
		             	<object type="org.exoplatform.services.jcr.ext.hierarchy.impl.HierarchyConfig$JcrPath">              	 	
		             		<field  name="alias"><string>eXoServices</string></field>
		                <field  name="path"><string>/exo:services</string></field>		                
		                <field name="permissions">
				              <collection type="java.util.ArrayList">               
				                <value>                            
				                  <object type="org.exoplatform.services.jcr.ext.hierarchy.impl.HierarchyConfig$Permission">             
				                      <field name="identity"><string>*:/platform/administrators</string></field>
				                      <field name="read"><string>true</string></field>                
				                      <field name="addNode"><string>true</string></field>                
				                      <field name="setProperty"><string>true</string></field>                
				                      <field name="remove"><string>true</string></field>                
				                    </object>  
				                </value>			                  
			                </collection>
			              </field>   			               
	              	</object>
              	</value>	          		
              	<value>              	
	              	<object type="org.exoplatform.services.jcr.ext.hierarchy.impl.HierarchyConfig$JcrPath">              	 	
	              		<field  name="alias"><string>usersPath</string></field>
	                  <field  name="path"><string>/Users</string></field>
	                  <field name="permissions">
			                <collection type="java.util.ArrayList">               
			                  <value>                            
			                    <object type="org.exoplatform.services.jcr.ext.hierarchy.impl.HierarchyConfig$Permission">             
			                      <field name="identity"><string>*:/platform/administrators</string></field>
			                      <field name="read"><string>true</string></field>                
			                      <field name="addNode"><string>true</string></field>                
			                      <field name="setProperty"><string>true</string></field>                
			                      <field name="remove"><string>true</string></field>                
			                    </object>  
			                  </value>
			                  <value>                            
			                    <object type="org.exoplatform.services.jcr.ext.hierarchy.impl.HierarchyConfig$Permission">             
			                      <field name="identity"><string>any</string></field>
			                      <field name="read"><string>true</string></field>                
			                      <field name="addNode"><string>false</string></field>                
			                      <field name="setProperty"><string>true</string></field>                
			                      <field name="remove"><string>false</string></field>                
			                    </object>  
			                  </value>
			                </collection>
			              </field>   			               
	              	</object>
              	</value>
              	<value>              	
	              	<object type="org.exoplatform.services.jcr.ext.hierarchy.impl.HierarchyConfig$JcrPath">              	 	
	              		<field  name="alias"><string>groupsPath</string></field>
	                  <field  name="path"><string>/Groups</string></field>
	                  <field name="permissions">
			                <collection type="java.util.ArrayList">               
			                  <value>                            
			                    <object type="org.exoplatform.services.jcr.ext.hierarchy.impl.HierarchyConfig$Permission">             
			                      <field name="identity"><string>*:/platform/administrators</string></field>
			                      <field name="read"><string>true</string></field>                
			                      <field name="addNode"><string>true</string></field>                
			                      <field name="setProperty"><string>true</string></field>                
			                      <field name="remove"><string>true</string></field>                
			                    </object>  
			                  </value>
			                  <value>                            
			                    <object type="org.exoplatform.services.jcr.ext.hierarchy.impl.HierarchyConfig$Permission">             
			                      <field name="identity"><string>any</string></field>
			                      <field name="read"><string>true</string></field>                
			                      <field name="addNode"><string>false</string></field>                
			                      <field name="setProperty"><string>true</string></field>                
			                      <field name="remove"><string>false</string></field>                
			                    </object>  
			                  </value>
			                </collection>
			              </field>   			               
	              	</object>
              	</value>	              		              		              		              	
	          	</collection>              	              	
	          </field>
	        </object>
	      </object-param>
	    </init-params>            
	  </component-plugin>
	</external-component-plugins>
	
	<external-component-plugins>
  	<target-component>org.exoplatform.services.organization.OrganizationService</target-component>  	
	  <component-plugin>
	    <name>ecm.new.group.event.listener</name>
	    <set-method>addListenerPlugin</set-method>
	    <type>org.exoplatform.services.jcr.ext.hierarchy.impl.NewGroupListener</type>
	    <description>description</description>
	    <init-params>
	      <object-param>
	        <name>configuration></name>
	        <description>description</description>
	        <object type="org.exoplatform.services.jcr.ext.hierarchy.impl.HierarchyConfig">
          	<field  name="repository"><string>repository</string></field>
           	<field name="workspaces">
             	<collection type="java.util.ArrayList">
              	<value><string>collaboration</string></value>              	              
              </collection>              	
            </field>            
            <field  name="jcrPaths">
             	<collection type="java.util.ArrayList">
                <value>              	
		             	<object type="org.exoplatform.services.jcr.ext.hierarchy.impl.HierarchyConfig$JcrPath">              	 	
		             		<field name="alias"><string>groupApplicationData</string></field>
		                <field name="path"><string>ApplicationData</string></field>
		                <field name="nodeType"><string>nt:unstructured</string></field>
		                <field name="permissions">
				              <collection type="java.util.ArrayList">               
				                <value>                            
				                  <object type="org.exoplatform.services.jcr.ext.hierarchy.impl.HierarchyConfig$Permission">             
				                    <field name="identity"><string>*:/platform/administrators</string></field>
				                    <field name="read"><string>true</string></field>                
				                    <field name="addNode"><string>true</string></field>                
				                    <field name="setProperty"><string>true</string></field>                
				                    <field name="remove"><string>true</string></field>                
				                  </object>  
				                </value>			                  
			                </collection>
			              </field>			                 			               
	              	</object>
              	</value>                             	              	             
             	</collection>
            </field>            
	        </object>
	      </object-param>
	    </init-params> 
	  </component-plugin>
	  <component-plugin>
	    <name>ecm.new.user.event.listener</name>
	    <set-method>addListenerPlugin</set-method>
	    <type>org.exoplatform.services.jcr.ext.hierarchy.impl.NewUserListener</type>
	    <description>description</description>
	    <init-params>
	      <object-param>
	        <name>configuration</name>
	        <description>description</description>
	        <object type="org.exoplatform.services.jcr.ext.hierarchy.impl.HierarchyConfig">
          	<field  name="repository"><string>repository</string></field>
           	<field name="workspaces">
             	<collection type="java.util.ArrayList">
              	<value><string>collaboration</string></value>              	              
              </collection>              	
            </field>            
            <field  name="jcrPaths">
             	<collection type="java.util.ArrayList">
                <value>              	
		             	<object type="org.exoplatform.services.jcr.ext.hierarchy.impl.HierarchyConfig$JcrPath">              	 	
		             		<field name="alias"><string>userApplicationData</string></field>
		                <field name="path"><string>ApplicationData</string></field>
		                <field name="nodeType"><string>nt:unstructured</string></field>
		                <field name="permissions">
				              <collection type="java.util.ArrayList">               
				                <value>                            
				                  <object type="org.exoplatform.services.jcr.ext.hierarchy.impl.HierarchyConfig$Permission">             
				                    <field name="identity"><string>*:/platform/administrators</string></field>
				                    <field name="read"><string>true</string></field>                
				                    <field name="addNode"><string>true</string></field>                
				                    <field name="setProperty"><string>true</string></field>                
				                    <field name="remove"><string>true</string></field>                
				                  </object>  
				                </value>			                  
			                </collection>
			              </field>			                 			               
	              	</object>
              	</value>                
             	</collection>
            </field>	          
	        </object>
	      </object-param>
	    </init-params>
	  </component-plugin>	  	  	  	  
	</external-component-plugins>

  <external-component-plugins>
    <target-component>org.exoplatform.services.organization.OrganizationService</target-component>
    <component-plugin>
      <name>init.service.listener</name>
      <set-method>addListenerPlugin</set-method>
      <type>org.exoplatform.services.organization.OrganizationDatabaseInitializer</type>
      <description>this listener populate organization data for the first launch</description>
      <init-params>      
        <value-param>
          <name>checkDatabaseAlgorithm</name>
          <description>check database</description>
          <value>entry</value>
        </value-param>      
        <value-param>
          <name>printInformation</name>
          <description>Print information init database</description>
          <value>false</value>
        </value-param> 
        <object-param>
          <name>configuration</name>
          <description>description</description>
          <object type="org.exoplatform.services.organization.OrganizationConfig">
            <field  name="membershipType">
              <collection type="java.util.ArrayList">
              	<value>
                  <object type="org.exoplatform.services.organization.OrganizationConfig$MembershipType">
                    <field  name="type"><string>manager</string></field>
                    <field  name="description"><string>manager membership type</string></field>
                  </object>
                </value>
                <value>
                  <object type="org.exoplatform.services.organization.OrganizationConfig$MembershipType">
                    <field  name="type"><string>member</string></field>
                    <field  name="description"><string>member membership type</string></field>
                  </object>
                </value>                
                <value>
                  <object type="org.exoplatform.services.organization.OrganizationConfig$MembershipType">
                    <field  name="type"><string>validator</string></field>
                    <field  name="description"><string>validator membership type</string></field>
                  </object>
                </value>
              </collection>
            </field>

            <field  name="group">
              <collection type="java.util.ArrayList">             
                <value>
                  <object type="org.exoplatform.services.organization.OrganizationConfig$Group">
                    <field  name="name"><string>platform</string></field>
                    <field  name="parentId"><string></string></field>
                    <field  name="description"><string>the /platform group</string></field>
                    <field  name="label"><string>Platform</string></field>                    
                  </object>
                </value>
                <value>
                  <object type="org.exoplatform.services.organization.OrganizationConfig$Group">
                    <field  name="name"><string>administrators</string></field>
                    <field  name="parentId"><string>/platform</string></field>
                    <field  name="description"><string>the /platform/administrators group</string></field>
                    <field  name="label"><string>Administrators</string></field>
                  </object>
                </value>
                <value>
                  <object type="org.exoplatform.services.organization.OrganizationConfig$Group">
                    <field  name="name"><string>users</string></field>
                    <field  name="parentId"><string>/platform</string></field>
                    <field  name="description"><string>the /platform/users group</string></field>
                    <field  name="label"><string>Users</string></field>
                  </object>
                </value>
                <value>
                  <object type="org.exoplatform.services.organization.OrganizationConfig$Group">
                    <field  name="name"><string>guests</string></field>
                    <field  name="parentId"><string>/platform</string></field>
                    <field  name="description"><string>the /platform/guests group</string></field>
                    <field  name="label"><string>Guests</string></field>
                  </object>
                </value>
                <value>
                  <object type="org.exoplatform.services.organization.OrganizationConfig$Group">
                    <field  name="name"><string>organization</string></field>
                    <field  name="parentId"><string></string></field>
                    <field  name="description"><string>the organization group</string></field>
                    <field  name="label"><string>Organization</string></field>
                  </object>
                </value>
                <value>
                  <object type="org.exoplatform.services.organization.OrganizationConfig$Group">
                    <field  name="name"><string>management</string></field>
                    <field  name="parentId"><string>/organization</string></field>
                    <field  name="description"><string>the /organization/management group</string></field>
                    <field  name="label"><string>Management</string></field>
                  </object>
                </value>
                <value>
                  <object type="org.exoplatform.services.organization.OrganizationConfig$Group">
                    <field  name="name"><string>executive-board</string></field>
                    <field  name="parentId"><string>/organization/management</string></field>
                    <field  name="description"><string>the /organization/management/executive-board group</string></field>
                    <field  name="label"><string>Executive Board</string></field>
                  </object>
                </value>
                <value>
                  <object type="org.exoplatform.services.organization.OrganizationConfig$Group">
                    <field  name="name"><string>human-resources</string></field>
                    <field  name="parentId"><string>/organization/management</string></field>
                    <field  name="description"><string>the /organization/management/human-resource group</string></field>
                    <field  name="label"><string>Human Resources</string></field>
                  </object>
                </value>
                <value>
                  <object type="org.exoplatform.services.organization.OrganizationConfig$Group">
                    <field  name="name"><string>communication</string></field>
                    <field  name="parentId"><string>/organization</string></field>
                    <field  name="description"><string>the /organization/communication group</string></field>
                    <field  name="label"><string>Communication</string></field>
                  </object>
                </value>
                <value>
                  <object type="org.exoplatform.services.organization.OrganizationConfig$Group">
                    <field  name="name"><string>marketing</string></field>
                    <field  name="parentId"><string>/organization/communication</string></field>
                    <field  name="description"><string>the /organization/communication/marketing group</string></field>
                    <field  name="label"><string>Marketing</string></field>
                  </object>
                </value>
                <value>
                  <object type="org.exoplatform.services.organization.OrganizationConfig$Group">
                    <field  name="name"><string>press-and-media</string></field>
                    <field  name="parentId"><string>/organization/communication</string></field>
                    <field  name="description"><string>the /organization/communication/press-and-media group</string></field>
                    <field  name="label"><string>Press and Media</string></field>
                  </object>
                </value>
                <value>
                  <object type="org.exoplatform.services.organization.OrganizationConfig$Group">
                    <field  name="name"><string>operations</string></field>
                    <field  name="parentId"><string>/organization</string></field>
                    <field  name="description"><string>the /organization/operations and media group</string></field>
                    <field  name="label"><string>Operations</string></field>
                  </object>
                </value>
                <value>
                  <object type="org.exoplatform.services.organization.OrganizationConfig$Group">
                    <field  name="name"><string>sales</string></field>
                    <field  name="parentId"><string>/organization/operations</string></field>
                    <field  name="description"><string>the /organization/operations/sales group</string></field>
                    <field  name="label"><string>Sales</string></field>
                  </object>
                </value>
                <value>
                  <object type="org.exoplatform.services.organization.OrganizationConfig$Group">
                    <field  name="name"><string>finances</string></field>
                    <field  name="parentId"><string>/organization/operations</string></field>
                    <field  name="description"><string>the /organization/operations/finances group</string></field>
                    <field  name="label"><string>Finances</string></field>
                  </object>
                </value>
                <value>
                  <object type="org.exoplatform.services.organization.OrganizationConfig$Group">
                    <field  name="name"><string>customers</string></field>
                    <field  name="parentId"><string></string></field>
                    <field  name="description"><string>the /customers group</string></field>
                    <field  name="label"><string>Customers</string></field>
                  </object>
                </value>                
                <value>
                  <object type="org.exoplatform.services.organization.OrganizationConfig$Group">
                    <field  name="name"><string>partners</string></field>
                    <field  name="parentId"><string></string></field>
                    <field  name="description"><string>the /partners group</string></field>
                    <field  name="label"><string>Partners</string></field>
                  </object>
                </value>                
              </collection>
            </field>

            <field  name="user">
              <collection type="java.util.ArrayList">
                <value>
                  <object type="org.exoplatform.services.organization.OrganizationConfig$User">
                    <field  name="userName"><string>root</string></field>
                    <field  name="password"><string>exo</string></field>
                    <field  name="firstName"><string>Root</string></field>
                    <field  name="lastName"><string>Root</string></field>
                    <field  name="email"><string>root@localhost</string></field>
                    <field  name="groups">
                      <string>
                      	manager:/platform/administrators,member:/platform/users,
                      	member:/organization/management/executive-board
                      </string>
                    </field>
                  </object>
                </value>
                
                <value>
                  <object type="org.exoplatform.services.organization.OrganizationConfig$User">
                    <field  name="userName"><string>john</string></field>
                    <field  name="password"><string>exo</string></field>
                    <field  name="firstName"><string>John</string></field>
                    <field  name="lastName"><string>Anthony</string></field>
                    <field  name="email"><string>john@localhost</string></field>
                    <field  name="groups">
                      <string>
                      	member:/platform/administrators,member:/platform/users,
                      	manager:/organization/management/executive-board
                      </string>
                    </field>
                  </object>
                </value>                                                        
                <value>
                  <object type="org.exoplatform.services.organization.OrganizationConfig$User">
                    <field  name="userName"><string>marry</string></field>
                    <field  name="password"><string>exo</string></field>
                    <field  name="firstName"><string>Marry</string></field>
                    <field  name="lastName"><string>Kelly</string></field>
                    <field  name="email"><string>marry@localhost</string></field>
                    <field  name="groups">
                      <string>member:/platform/users</string>
                    </field>
                  </object>
                </value>
                <value>
                  <object type="org.exoplatform.services.organization.OrganizationConfig$User">
                    <field  name="userName"><string>demo</string></field>
                    <field  name="password"><string>exo</string></field>
                    <field  name="firstName"><string>Demo</string></field>
                    <field  name="lastName"><string>exo</string></field>
                    <field  name="email"><string>demo@localhost</string></field>
                    <field  name="groups">
                      <string>member:/platform/guests,member:/platform/users</string>
                    </field>
                  </object>
                </value>                       
              </collection>
            </field>
          </object>
        </object-param>
      </init-params>
    </component-plugin>
<!--	  
	  <component-plugin>
	    <name>calendar.new.user.event.listener</name>
	    <set-method>addListenerPlugin</set-method>
	    <type>org.exoplatform.calendar.service.impl.NewUserListener</type>
	    <description>description</description>	    
	  </component-plugin>
	  
	  <component-plugin>
	    <name>calendar.new.group.event.listener</name>
	    <set-method>addListenerPlugin</set-method>
	    <type>org.exoplatform.calendar.service.impl.NewGroupListener</type>
	    <description>description</description>	    
	  </component-plugin>   
	  -->
  <!-- 
    <component-plugin>
      <name>new.user.event.listener</name>
      <set-method>addListenerPlugin</set-method>
      <type>org.exoplatform.services.organization.impl.NewUserEventListener</type>
      <description>this listener assign group and membership to a new created user</description>
      <init-params>
        <object-param>
          <name>configuration</name>
          <description>description</description>
          <object type="org.exoplatform.services.organization.impl.NewUserConfig">
            <field  name="group">
              <collection type="java.util.ArrayList">
                <value>
                  <object type="org.exoplatform.services.organization.impl.NewUserConfig$JoinGroup">
                    <field  name="groupId"><string>/platform/users</string></field>
                    <field  name="membership"><string>member</string></field>
                  </object>
                </value>               
              </collection>
            </field>
            <field  name="ignoredUser">
              <collection type="java.util.HashSet">
                <value><string>root</string></value>
                <value><string>john</string></value>
                <value><string>marry</string></value>
                <value><string>demo</string></value>
              </collection>
            </field>
          </object>
        </object-param>
      </init-params>
    </component-plugin>
-->

  </external-component-plugins>
  <remove-configuration>org.exoplatform.services.scheduler.JobSchedulerService</remove-configuration>    
  <remove-configuration>org.exoplatform.services.transaction.ExoTransactionService</remove-configuration>  
</configuration>
