<?xml version="1.0" encoding="ISO-8859-1"?>
<configuration>
  <!--import>classpath:/conf/portal/testjcr/test-jcr-configuration.xml</import--> 
  
  <component>
    <key>org.exoplatform.services.jcr.config.RepositoryServiceConfiguration</key>
    <type>org.exoplatform.services.jcr.impl.config.RepositoryServiceConfigurationImpl</type>
    <init-params>
      <value-param>
        <name>conf-path</name>
        <description>JCR configuration file</description>
        <value>jar:/conf/standalone/test-jcr-config.xml</value>
      </value-param>
      <properties-param>
        <name>working-conf</name>
        <description>working-conf</description>
        <property name="sourceName" value="jdbcjcr" />
        <property name="dialect" value="hsqldb" />
        <property name="persisterClassName" value="org.exoplatform.services.jcr.impl.config.JDBCConfigurationPersister" />
      </properties-param>
    </init-params>
  </component>
</configuration>
