<repository-service default-repository="db1">
  <repositories>
    <repository name="db1" system-workspace="ws" default-workspace="ws">
      <security-domain>exo-domain</security-domain>
      <access-control>optional</access-control>
      <authentication-policy>org.exoplatform.services.jcr.impl.core.access.PortalAuthenticationPolicy</authentication-policy>
      <workspaces>
        <workspace name="ws" auto-init-root-nodetype="nt:unstructured"
          auto-init-permissions="any read;any add_node;any set_property;any remove">
          <container class="org.exoplatform.services.jcr.impl.storage.jdbc.JDBCWorkspaceDataContainer">
            <properties>
              <property name="sourceName" value="jdbcjcr" />
              <property name="dialect" value="generic" />
              <!-- property name="db-driver" value="org.hsqldb.jdbcDriver"/>
                <property name="db-url" value="jdbc:hsqldb:file:target/temp/data/portal"/>
                <property name="db-username" value="su"/>
                <property name="db-password" value=""/ -->
              <property name="multi-db" value="false" />
              <property name="update-storage" value="false" />
              <property name="max-buffer-size" value="204800" />
              <property name="swap-directory" value="target/temp/swap/ws" />
            </properties>
            <value-storages>
              <value-storage id="Storage #1"
                class="org.exoplatform.services.jcr.impl.storage.value.fs.TreeFileValueStorage">
                <properties>
                  <property name="path" value="target/temp/values/ws/files10m" />
                </properties>
                <filters>
                  <filter property-type="Binary" min-value-size="10240000" />
                </filters>
              </value-storage>
              <value-storage id="Storage #2"
                class="org.exoplatform.services.jcr.impl.storage.value.fs.TreeFileValueStorage">
                <properties>
                  <property name="path" value="target/temp/values/ws" />
                </properties>
                <filters>
                  <filter property-type="Binary" min-value-size="204800" />
                </filters>
              </value-storage>
            </value-storages>
          </container>
          <cache enabled="true">
            <properties>
              <property name="maxSize" value="10000" />
              <property name="liveTime" value="300" />
            </properties>
          </cache>
          <query-handler class="org.exoplatform.services.jcr.impl.core.query.lucene.SearchIndex">
            <properties>
              <property name="indexDir" value="target/temp/index" />
            </properties>
          </query-handler>
        </workspace>
        <workspace name="ws1" auto-init-root-nodetype="nt:unstructured"
          auto-init-permissions="any read;any add_node;any set_property;any remove">
          <container class="org.exoplatform.services.jcr.impl.storage.jdbc.JDBCWorkspaceDataContainer">
            <properties>
              <property name="sourceName" value="jdbcjcr" />
              <property name="dialect" value="generic" />
              <property name="multi-db" value="false" />
              <property name="update-storage" value="false" />
              <property name="max-buffer-size" value="204800" />
              <property name="swap-directory" value="target/temp/swap/ws1" />
            </properties>
          </container>
          <cache enabled="true">
            <properties>
              <property name="maxSize" value="10000" />
              <property name="liveTime" value="300" />
            </properties>
          </cache>
          <query-handler class="org.exoplatform.services.jcr.impl.core.query.lucene.SearchIndex">
            <properties>
              <property name="indexDir" value="target/temp/index" />
            </properties>
          </query-handler>
        </workspace>
        <workspace name="ws2" auto-init-root-nodetype="nt:unstructured"
          auto-init-permissions="any read;any add_node;any set_property;any remove">
          <container class="org.exoplatform.services.jcr.impl.storage.jdbc.JDBCWorkspaceDataContainer">
            <properties>
              <property name="sourceName" value="jdbcjcr" />
              <property name="dialect" value="generic" />
              <property name="multi-db" value="false" />
              <property name="update-storage" value="false" />
              <property name="max-buffer-size" value="204800" />
              <property name="swap-directory" value="target/temp/swap/ws2" />
            </properties>
          </container>
          <cache enabled="true">
            <properties>
              <property name="maxSize" value="2500" />
              <property name="liveTime" value="300" />
            </properties>
          </cache>
          <query-handler class="org.exoplatform.services.jcr.impl.core.query.lucene.SearchIndex">
            <properties>
              <property name="indexDir" value="target/temp/index" />
            </properties>
          </query-handler>
        </workspace>
      </workspaces>
    </repository>
    <repository name="db1tck" system-workspace="ws" default-workspace="ws">
      <security-domain>exo-domain</security-domain>
      <access-control>optional</access-control>
      <authentication-policy>org.exoplatform.services.jcr.impl.core.access.PortalAuthenticationPolicy</authentication-policy>
      <workspaces>
        <workspace name="ws" auto-init-root-nodetype="nt:unstructured"
          auto-init-permissions="any read;any add_node;any set_property;any remove">
          <container class="org.exoplatform.services.jcr.impl.storage.jdbc.JDBCWorkspaceDataContainer">
            <properties>
              <property name="sourceName" value="jdbcjcrtck" />
              <property name="dialect" value="generic" />
              <!-- property name="db-driver" value="org.hsqldb.jdbcDriver"/>
                <property name="db-url" value="jdbc:hsqldb:file:target/temp/data/portaltck"/>
                <property name="db-username" value="su"/>
                <property name="db-password" value=""/ -->
              <property name="multi-db" value="false" />
              <property name="update-storage" value="false" />
              <property name="max-buffer-size" value="204800" />
              <property name="swap-directory" value="target/temp/swap/wstck" />
            </properties>
            <value-storages>
              <value-storage id="Storage #1"
                class="org.exoplatform.services.jcr.impl.storage.value.fs.TreeFileValueStorage">
                <properties>
                  <property name="path" value="target/temp/values/wstck/files10m" />
                </properties>
                <filters>
                  <filter property-type="Binary" min-value-size="10240000" />
                </filters>
              </value-storage>
              <value-storage id="Storage #2"
                class="org.exoplatform.services.jcr.impl.storage.value.fs.TreeFileValueStorage">
                <properties>
                  <property name="path" value="target/temp/values/wstck" />
                </properties>
                <filters>
                  <filter property-type="Binary" min-value-size="204800" />
                </filters>
              </value-storage>
            </value-storages>
          </container>
          <cache enabled="true">
            <properties>
              <property name="maxSize" value="10000" />
              <property name="liveTime" value="300" />
            </properties>
          </cache>
          <query-handler class="org.exoplatform.services.jcr.impl.core.query.lucene.SearchIndex">
            <properties>
              <property name="indexDir" value="target/temp/indextck" />
            </properties>
          </query-handler>
        </workspace>
        <workspace name="ws1" auto-init-root-nodetype="nt:unstructured"
          auto-init-permissions="any read;any add_node;any set_property;any remove">
          <container class="org.exoplatform.services.jcr.impl.storage.jdbc.JDBCWorkspaceDataContainer">
            <properties>
              <property name="sourceName" value="jdbcjcrtck" />
              <property name="dialect" value="generic" />
              <property name="multi-db" value="false" />
              <property name="update-storage" value="false" />
              <property name="max-buffer-size" value="204800" />
              <property name="swap-directory" value="target/temp/swap/ws1tck" />
            </properties>
          </container>
          <cache enabled="true">
            <properties>
              <property name="maxSize" value="10000" />
              <property name="liveTime" value="300" />
            </properties>
          </cache>
          <query-handler class="org.exoplatform.services.jcr.impl.core.query.lucene.SearchIndex">
            <properties>
              <property name="indexDir" value="target/temp/indextck" />
            </properties>
          </query-handler>
        </workspace>
        <workspace name="ws2" auto-init-root-nodetype="nt:unstructured"
          auto-init-permissions="any read;any add_node;any set_property;any remove">
          <container class="org.exoplatform.services.jcr.impl.storage.jdbc.JDBCWorkspaceDataContainer">
            <properties>
              <property name="sourceName" value="jdbcjcrtck" />
              <property name="dialect" value="generic" />
              <property name="multi-db" value="false" />
              <property name="update-storage" value="false" />
              <property name="max-buffer-size" value="204800" />
              <property name="swap-directory" value="target/temp/swap/ws2tck" />
            </properties>
          </container>
          <cache enabled="true">
            <properties>
              <property name="maxSize" value="2500" />
              <property name="liveTime" value="300" />
            </properties>
          </cache>
          <query-handler class="org.exoplatform.services.jcr.impl.core.query.lucene.SearchIndex">
            <properties>
              <property name="indexDir" value="target/temp/indextck" />
            </properties>
          </query-handler>
        </workspace>
      </workspaces>
    </repository>
  </repositories>
</repository-service>
