<?xml version="1.0" encoding="ISO-8859-1"?>
<configuration>
  <component>
    <key>org.exoplatform.services.log.LogConfigurationInitializer</key>
    <type>org.exoplatform.services.log.LogConfigurationInitializer</type>
    <init-params>
      <value-param>
        <name>logger</name>
        <value>org.exoplatform.services.log.impl.BufferedLog4JLogger</value>
      </value-param>
      <value-param>
        <name>configurator</name>
        <value>org.exoplatform.services.log.impl.Log4JConfigurator</value>
      </value-param>
      <properties-param>
        <name>properties</name>
        <description>Log4J properties</description>
        <property name="log4j.rootLogger" value="INFO, stdout, file" />

        <property name="log4j.appender.stdout" value="org.apache.log4j.ConsoleAppender" />
        <property name="log4j.appender.stdout.threshold" value="DEBUG" />

        <property name="log4j.appender.stdout.layout" value="org.apache.log4j.PatternLayout" />
        <property name="log4j.appender.stdout.layout.ConversionPattern"
          value="%d{dd.MM.yyyy HH:mm:ss} *%-5p* [%t] %c{1}: %m (%F, line %L) %n" />

        <property name="log4j.appender.file" value="org.apache.log4j.FileAppender" />
        <property name="log4j.appender.file.File" value="target/jcr.log" />

        <property name="log4j.appender.file.layout" value="org.apache.log4j.PatternLayout" />
        <property name="log4j.appender.file.layout.ConversionPattern"
          value="%d{dd.MM.yyyy HH:mm:ss} *%-5p* [%t] %c{1}: %m (%F, line %L) %n" />

        <property name="log4j.category.jcr.FileCleaner" value="DEBUG" />

        <!-- property name="log4j.category.jcr.JDBCStorageConnection" value="DEBUG"/>
          <property name="log4j.category.jcr.NodeImpl" value="DEBUG"/ -->

        <!-- property name="log4j.category.jcr.WorkspaceStorageCacheImpl" value="DEBUG"/ -->
        <!-- property name="log4j.category.database.DBSchemaCreator" value="DEBUG"/ -->
        <!-- property name="log4j.category.jcr.WorkspaceDataReplicator" value="DEBUG"/ -->

        <!-- property name="log4j.category.jcr.WorkspaceStorageCacheImpl" value="DEBUG"/>
          <property name="log4j.category.jcr.WorkspacePersistentDataManager" value="DEBUG"/ -->
        <!-- property name="log4j.category.jcr.SessionDataManager" value="DEBUG"/ -->
      </properties-param>

      <!-- value-param>
        <name>logger</name>
        <value>org.exoplatform.services.log.impl.BufferedSimpleLog</value>
        </value-param>
        <value-param>
        <name>configurator</name>
        <value>org.exoplatform.services.log.impl.SimpleLogConfigurator</value>
        </value-param>
        <properties-param>
        <name>properties</name>
        <description>SimpleLog properties</description>
        <property name="org.apache.commons.logging.simplelog.defaultlog" value="debug"/>
        <property name="org.apache.commons.logging.simplelog.showdatetime" value="true"/>
        </properties-param -->

      <!-- value-param>
        <name>logger</name>
        <value>org.exoplatform.services.log.impl.BufferedJdk14Logger</value>
        </value-param>
        <value-param>
        <name>configurator</name>
        <value>org.exoplatform.services.log.impl.Jdk14Configurator</value>
        </value-param>
        <properties-param>
        <name>properties</name>
        <description>jdk1.4 Logger properties</description>
        <property name="handlers" value="java.util.logging.ConsoleHandler"/>
        <property name=".level" value="FINE"/>
        <property name="java.util.logging.ConsoleHandler.level" value="FINE"/>
        </properties-param -->

    </init-params>
  </component>
  <component>
    <key>org.exoplatform.services.jcr.RepositoryService</key>
    <type>org.exoplatform.services.jcr.impl.RepositoryServiceImpl</type>
    <component-plugins>
      <component-plugin>
        <name>add.namespaces</name>
        <set-method>addPlugin</set-method>
        <type>org.exoplatform.services.jcr.impl.AddNamespacesPlugin</type>
        <init-params>
          <properties-param>
            <name>namespaces</name>
            <property name="test" value="http://www.apache.org/jackrabbit/test" />
            <property name="exojcrtest" value="http://www.exoplatform.org/jcr/test/1.0" />
            <property name="rma" value="http://www.rma.com/jcr/" />
            <property name="metadata" value="http://www.exoplatform.com/jcr/metadata/1.1/" />
          </properties-param>
        </init-params>
      </component-plugin>
      <component-plugin>
        <name>add.nodeType</name>
        <set-method>addPlugin</set-method>
        <type>org.exoplatform.services.jcr.impl.AddNodeTypePlugin</type>
        <init-params>
          <values-param>
            <name>autoCreatedInNewRepository</name>
            <description>Node types configuration file</description>
            <value>jar:/conf/test/nodetypes-tck.xml</value>
            <value>jar:/conf/test/nodetypes-impl.xml</value>
            <value>jar:/conf/test/nodetypes-usecase.xml</value>
          </values-param>

          <values-param>
            <name>testInitNodeTypesRepository</name>
            <description>
              Node types configuration file for repository with name testInitNodeTypesRepository
            </description>
            <value>jar:/conf/test/nodetypes-test.xml</value>
          </values-param>

          <values-param>
            <name>testInitNodeTypesRepositoryTest2</name>
            <description>
              Node types configuration file for repository with name testInitNodeTypesRepositoryTest2
            </description>
            <value>jar:/conf/test/nodetypes-test2.xml</value>
          </values-param>

          <!--values-param>
            <name>testInitNodeTypesRepositoryTest3</name>
            <description>Node types from ext. Needed bacause core starup earlie than ext</description>
            <value>jar:/conf/test/nodetypes-test3_ext.xml</value>
            </values-param-->

        </init-params>
      </component-plugin>
    </component-plugins>
  </component>

  <component>
    <key>org.exoplatform.services.jcr.config.RepositoryServiceConfiguration</key>
    <type>org.exoplatform.services.jcr.impl.config.RepositoryServiceConfigurationImpl</type>
    <init-params>
      <value-param>
        <name>conf-path</name>
        <description>JCR configuration file</description>
        <value>jar:/conf/standalone/test-jcr-config.xml</value>
      </value-param>
      <properties-param>
        <name>working-conf</name>
        <description>working-conf</description>
        <property name="sourceName" value="jdbcjcr" />
        <property name="dialect" value="hsqldb" />
        <property name="persisterClassName" value="org.exoplatform.services.jcr.impl.config.JDBCConfigurationPersister" />
      </properties-param>
    </init-params>
  </component>

  <component>
    <type>org.exoplatform.services.organization.impl.mock.DummyOrganizationService</type>
  </component>

  <component>
    <type>org.exoplatform.services.jcr.impl.ext.action.SessionActionCatalog</type>
  </component>

  <component>
    <key>org.exoplatform.services.transaction.TransactionService</key>
    <type>org.exoplatform.services.transaction.impl.jotm.TransactionServiceJotmImpl</type>
    <init-params>
      <value-param>
        <name>timeout</name>
        <value>5</value>
      </value-param>
    </init-params>
  </component>

  <external-component-plugins>
    <target-component>org.exoplatform.services.naming.InitialContextInitializer</target-component>
    <component-plugin>
      <name>bind.datasource</name>
      <set-method>addPlugin</set-method>
      <type>org.exoplatform.services.naming.BindReferencePlugin</type>
      <init-params>
        <value-param>
          <name>bind-name</name>
          <value>jdbcjcr</value>
        </value-param>
        <value-param>
          <name>class-name</name>
          <value>javax.sql.DataSource</value>
        </value-param>
        <value-param>
          <name>factory</name>
          <value>org.apache.commons.dbcp.BasicDataSourceFactory</value>
        </value-param>
        <properties-param>
          <name>ref-addresses</name>
          <description>ref-addresses</description>
          <property name="driverClassName" value="org.hsqldb.jdbcDriver" />
          <property name="url" value="jdbc:hsqldb:file:target/temp/data/portal" />
          <property name="username" value="sa" />
          <property name="password" value="" />
        </properties-param>
      </init-params>
    </component-plugin>
    <component-plugin>
      <name>bind.datasource</name>
      <set-method>addPlugin</set-method>
      <type>org.exoplatform.services.naming.BindReferencePlugin</type>
      <init-params>
        <value-param>
          <name>bind-name</name>
          <value>jdbcjcr1</value>
        </value-param>
        <value-param>
          <name>class-name</name>
          <value>javax.sql.DataSource</value>
        </value-param>
        <value-param>
          <name>factory</name>
          <value>org.apache.commons.dbcp.BasicDataSourceFactory</value>
        </value-param>
        <properties-param>
          <name>ref-addresses</name>
          <description>ref-addresses</description>
          <property name="driverClassName" value="org.hsqldb.jdbcDriver" />
          <property name="url" value="jdbc:hsqldb:file:target/temp/data/jcr" />
          <property name="username" value="sa" />
          <property name="password" value="" />
        </properties-param>
      </init-params>
    </component-plugin>
    <component-plugin>
      <name>bind.datasource</name>
      <set-method>addPlugin</set-method>
      <type>org.exoplatform.services.naming.BindReferencePlugin</type>
      <init-params>
        <value-param>
          <name>bind-name</name>
          <value>jdbcjcr2</value>
        </value-param>
        <value-param>
          <name>class-name</name>
          <value>javax.sql.DataSource</value>
        </value-param>
        <value-param>
          <name>factory</name>
          <value>org.apache.commons.dbcp.BasicDataSourceFactory</value>
        </value-param>
        <properties-param>
          <name>ref-addresses</name>
          <description>ref-addresses</description>
          <property name="driverClassName" value="org.hsqldb.jdbcDriver" />
          <property name="url" value="jdbc:hsqldb:file:target/temp/data/jcr2" />
          <property name="username" value="sa" />
          <property name="password" value="" />
        </properties-param>
      </init-params>
    </component-plugin>
    <component-plugin>
      <name>bind.datasource</name>
      <set-method>addPlugin</set-method>
      <type>org.exoplatform.services.naming.BindReferencePlugin</type>
      <init-params>
        <value-param>
          <name>bind-name</name>
          <value>jdbcjcrtck</value>
        </value-param>
        <value-param>
          <name>class-name</name>
          <value>javax.sql.DataSource</value>
        </value-param>
        <value-param>
          <name>factory</name>
          <value>org.apache.commons.dbcp.BasicDataSourceFactory</value>
        </value-param>
        <properties-param>
          <name>ref-addresses</name>
          <description>ref-addresses</description>
          <property name="driverClassName" value="org.hsqldb.jdbcDriver" />
          <property name="url" value="jdbc:hsqldb:file:target/temp/data/portaltck" />
          <property name="username" value="sa" />
          <property name="password" value="" />
        </properties-param>
      </init-params>
    </component-plugin>
    <component-plugin>
      <name>bind.datasource</name>
      <set-method>addPlugin</set-method>
      <type>org.exoplatform.services.naming.BindReferencePlugin</type>
      <init-params>
        <value-param>
          <name>bind-name</name>
          <value>jdbcjcr1tck</value>
        </value-param>
        <value-param>
          <name>class-name</name>
          <value>javax.sql.DataSource</value>
        </value-param>
        <value-param>
          <name>factory</name>
          <value>org.apache.commons.dbcp.BasicDataSourceFactory</value>
        </value-param>
        <properties-param>
          <name>ref-addresses</name>
          <description>ref-addresses</description>
          <property name="driverClassName" value="org.hsqldb.jdbcDriver" />
          <property name="url" value="jdbc:hsqldb:file:target/temp/data/jcrtck" />
          <property name="username" value="sa" />
          <property name="password" value="" />
        </properties-param>
      </init-params>
    </component-plugin>
    <component-plugin>
      <name>bind.datasource</name>
      <set-method>addPlugin</set-method>
      <type>org.exoplatform.services.naming.BindReferencePlugin</type>
      <init-params>
        <value-param>
          <name>bind-name</name>
          <value>jdbcjcr2tck</value>
        </value-param>
        <value-param>
          <name>class-name</name>
          <value>javax.sql.DataSource</value>
        </value-param>
        <value-param>
          <name>factory</name>
          <value>org.apache.commons.dbcp.BasicDataSourceFactory</value>
        </value-param>
        <properties-param>
          <name>ref-addresses</name>
          <description>ref-addresses</description>
          <property name="driverClassName" value="org.hsqldb.jdbcDriver" />
          <property name="url" value="jdbc:hsqldb:file:target/temp/data/jcr2tck" />
          <property name="username" value="sa" />
          <property name="password" value="" />
        </properties-param>
      </init-params>
    </component-plugin>
    <!-- Resource configuration for UserTransaction
      use JOTM
    -->
    <component-plugin>
      <name>jotm.tx</name>
      <set-method>addPlugin</set-method>
      <type>org.exoplatform.services.naming.BindReferencePlugin</type>
      <init-params>
        <value-param>
          <name>bind-name</name>
          <value>UserTransaction</value>
        </value-param>
        <value-param>
          <name>class-name</name>
          <value>javax.transaction.UserTransaction</value>
        </value-param>
        <value-param>
          <name>factory</name>
          <value>org.objectweb.jotm.UserTransactionFactory</value>
        </value-param>
        <properties-param>
          <name>ref-addresses</name>
          <description>ref-addresses</description>
          <property name="jotm.timeout" value="60" />
        </properties-param>
      </init-params>
    </component-plugin>
    <component-plugin>
      <name>bind.jcr</name>
      <set-method>addPlugin</set-method>
      <type>org.exoplatform.services.naming.BindReferencePlugin</type>
      <init-params>
        <value-param>
          <name>bind-name</name>
          <value>repo</value>
        </value-param>
        <value-param>
          <name>class-name</name>
          <value>javax.jcr.Repository</value>
        </value-param>
        <value-param>
          <name>factory</name>
          <value>org.exoplatform.services.jcr.impl.jndi.BindableRepositoryFactory</value>
        </value-param>
        <properties-param>
          <name>ref-addresses</name>
          <description>ref-addresses</description>
          <property name="repositoryName" value="db1" />
          <!-- property name="containerConfig" value="exo-configuration.xml"/ -->
        </properties-param>
      </init-params>
    </component-plugin>
    <component-plugin>
      <name>rmi.jcr</name>
      <set-method>addPlugin</set-method>
      <type>org.exoplatform.services.naming.BindReferencePlugin</type>
      <init-params>
        <value-param>
          <name>bind-name</name>
          <value>rmirepository</value>
        </value-param>
        <value-param>
          <name>class-name</name>
          <value>javax.jcr.Repository</value>
        </value-param>
        <value-param>
          <name>factory</name>
          <value>org.exoplatform.services.jcr.rmi.RepositoryFactory</value>
        </value-param>
        <properties-param>
          <name>ref-addresses</name>
          <description>ref-addresses</description>
          <property name="url" value="//localhost:9999/repository" />
        </properties-param>
      </init-params>
    </component-plugin>
  </external-component-plugins>
    
  <external-component-plugins>
    <target-component>org.exoplatform.services.listener.ListenerService</target-component>
    <component-plugin>
      <name>exo.service.authentication.login</name>
      <set-method>addListener</set-method>
      <type>org.exoplatform.services.organization.auth.MembershipListener</type>
    </component-plugin>
  </external-component-plugins>
  

  <remove-configuration>org.exoplatform.services.scheduler.JobSchedulerService</remove-configuration>
  <remove-configuration>org.exoplatform.services.transaction.ExoTransactionService</remove-configuration>
  <!--<import>jar:/conf/database-configuration.hsql.xml</import> -->
</configuration>
