<?xml version="1.0" encoding="ISO-8859-1"?>
<configuration
   xmlns:xsi="http://www.w3.org/2001/XMLSchema-instance"
   xsi:schemaLocation="http://www.exoplatform.org/xml/ns/kernel_1_2.xsd http://www.exoplatform.org/xml/ns/kernel_1_2.xsd"
   xmlns="http://www.exoplatform.org/xml/ns/kernel_1_2.xsd">

  
   <component>
     <type>org.exoplatform.services.scheduler.impl.QuartzSheduler</type>
   </component>
   
   <component>
      <type>org.exoplatform.services.scheduler.QueueTasks</type>
   </component>

  <component>
    <key>org.exoplatform.forum.service.ForumService</key>
    <type>org.exoplatform.forum.service.impl.ForumServiceImpl</type>
  </component>
  

  <component>
    <key>org.exoplatform.forum.service.DataStorage</key>
    <type>org.exoplatform.forum.service.impl.JCRDataStorage</type>
  </component>  

	<component>
    <key>org.exoplatform.ks.common.jcr.KSDataLocation</key>
    <type>org.exoplatform.ks.common.jcr.KSDataLocation</type>
    <description>Holds JCR storage location for KS data</description>
    <init-params>
      <value-param>
        <name>workspace</name>
        <description>workspace for KS data</description>
        <value>knowledge</value>
      </value-param>
    </init-params>
  </component>
  
   <component>
    <key>org.exoplatform.forum.service.ForumStatisticsService</key>
    <type>org.exoplatform.forum.service.impl.ForumStatisticsServiceImpl</type>
  </component> 
    
  <component>
    <key>org.exoplatform.services.scheduler.JobSchedulerService</key>
    <type>org.exoplatform.services.scheduler.impl.JobSchedulerServiceImpl</type>
  </component>
  
  <component>
  	<key>org.exoplatform.services.cache.CacheService</key>
    <jmx-name>cache:type=CacheService</jmx-name>
  	<type>org.exoplatform.services.cache.impl.CacheServiceImpl</type>
  	<init-params>
      <object-param>
        <name>cache.config.default</name>
        <description>The default cache configuration</description>
        <object type="org.exoplatform.services.cache.ExoCacheConfig">
          <field name="name"><string>default</string></field>
          <field name="maxSize"><int>30000</int></field>
          <field name="liveTime"><long>60000</long></field>
          <field name="distributed"><boolean>false</boolean></field>
          <field name="implementation"><string>org.exoplatform.services.cache.concurrent.ConcurrentFIFOExoCache</string></field>
        </object>
      </object-param>
    </init-params>
  </component> 
  
   <component>
    <key>org.exoplatform.services.cache.ExoCacheFactory</key>
    <type>org.exoplatform.services.cache.impl.jboss.ExoCacheFactoryImpl</type>
    <init-params>
      <value-param>
        <name>cache.config.template</name>
        <value>classpath:/conf/jbosscache/cluster/config.xml</value>
      </value-param>
      <value-param profiles="cluster">
        <name>cache.config.template</name>
        <value>classpath:/conf/jbosscache/cluster/config.xml</value>
      </value-param>
    </init-params>
  </component>
  
  <component>
    <key>org.exoplatform.services.log.LogConfigurationInitializer</key>
    <type>org.exoplatform.services.log.LogConfigurationInitializer</type>
    <init-params>
      <value-param>
        <name>logger</name>
        <value>org.exoplatform.services.log.impl.BufferedLog4JLogger</value>
      </value-param>
      <value-param>
        <name>configurator</name>
        <value>org.exoplatform.services.log.impl.Log4JConfigurator</value>
      </value-param>
      <properties-param>
        <name>properties</name>
        <description>Log4J properties</description>
        <property name="log4j.rootLogger" value="INFO, stdout, file"/>

        <property name="log4j.appender.stdout" value="org.apache.log4j.ConsoleAppender"/>
        <property name="log4j.appender.stdout.threshold" value="INFO"/>

        <property name="log4j.appender.stdout.layout" value="org.apache.log4j.PatternLayout"/>
        <property name="log4j.appender.stdout.layout.ConversionPattern" value="%d{dd.MM.yyyy HH:mm:ss} *%-5p* [%t] %c{1}: %m (%F, line %L) %n"/>

        <property name="log4j.appender.file" value="org.apache.log4j.FileAppender"/>
        <property name="log4j.appender.file.File" value="target/jcr.log"/>

        <property name="log4j.appender.file.layout" value="org.apache.log4j.PatternLayout"/>
        <property name="log4j.appender.file.layout.ConversionPattern" value="%d{dd.MM.yyyy HH:mm:ss} *%-5p* [%t] %c{1}: %m (%F, line %L) %n"/>

        <!-- property name="log4j.category.ext.BackupScheduler" value="DEBUG"/>
        <property name="log4j.category.ext.BackupManagerImpl" value="DEBUG"/ -->

      </properties-param>
    </init-params>
  </component>
  
    
  <component>
    <key>org.exoplatform.services.resources.LocaleConfigService</key>
    <type>org.exoplatform.services.resources.impl.LocaleConfigServiceImpl</type>
      <init-params>
        <value-param>
          <name>locale.config.file</name>
          <value>jar:/conf/portal/locales-config.xml</value>
        </value-param>
      </init-params>
  </component>
  

  <external-component-plugins>
    <target-component>org.exoplatform.ks.common.jcr.KSDataLocation</target-component>
    <component-plugin>
      <name>ks.data.location</name>
      <set-method>setLocation</set-method>
      <type>org.exoplatform.ks.common.conf.DataLocationPlugin</type>
      <init-params>
        <value-param>
          <name>workspace</name>
          <description>workspace for KS data</description>
          <value>knowledge</value>
        </value-param>
      </init-params>
    </component-plugin>
  </external-component-plugins>  
  
  <remove-configuration>org.exoplatform.services.jcr.impl.storage.jdbc.optimisation.CQJDBCWorkspaceDataContainer</remove-configuration>
  <remove-configuration>org.exoplatform.services.transaction.ExoTransactionService</remove-configuration>
  <remove-configuration>org.exoplatform.services.deployment.ContentInitializerService</remove-configuration>
</configuration>
