<?xml version="1.0" encoding="ISO-8859-1"?>
<configuration
   xmlns:xsi="http://www.w3.org/2001/XMLSchema-instance"
   xsi:schemaLocation="http://www.exoplatform.org/xml/ns/kernel_1_2.xsd http://www.exoplatform.org/xml/ns/kernel_1_2.xsd"
   xmlns="http://www.exoplatform.org/xml/ns/kernel_1_2.xsd">

  
   <component>
     <type>org.exoplatform.services.scheduler.impl.QuartzSheduler</type>
   </component>
   
   <component>
      <type>org.exoplatform.services.scheduler.QueueTasks</type>
   </component>

  <component>
    <key>org.exoplatform.forum.service.ForumService</key>
    <type>org.exoplatform.forum.service.impl.ForumServiceImpl</type>
  </component>
  

  <component>
    <key>org.exoplatform.forum.service.DataStorage</key>
    <type>org.exoplatform.forum.service.impl.JCRDataStorage</type>
  </component>  

	<component>
    <key>org.exoplatform.ks.common.jcr.KSDataLocation</key>
    <type>org.exoplatform.ks.common.jcr.KSDataLocation</type>
    <description>Holds JCR storage location for KS data</description>
    <init-params>
      <value-param>
        <name>workspace</name>
        <description>workspace for KS data</description>
        <value>knowledge</value>
      </value-param>
    </init-params>
  </component>
  
   <component>
    <key>org.exoplatform.forum.service.ForumStatisticsService</key>
    <type>org.exoplatform.forum.service.impl.ForumStatisticsServiceImpl</type>
  </component> 
    
  <component>
    <key>org.exoplatform.services.scheduler.JobSchedulerService</key>
    <type>org.exoplatform.services.scheduler.impl.JobSchedulerServiceImpl</type>
  </component>
  
   <component>
     <type>org.exoplatform.services.security.IdentityRegistry</type>
  </component>
  
  <component>
      <key>org.exoplatform.services.organization.OrganizationService</key>
     <type>org.exoplatform.commons.testing.mock.SimpleMockOrganizationService</type>
  </component>
  
  <component>
      <key>org.exoplatform.services.jcr.ext.distribution.DataDistributionManager</key>
      <type>org.exoplatform.services.jcr.ext.distribution.impl.DataDistributionManagerImpl</type>     
  </component>
  <component>
    <key>org.exoplatform.services.jcr.ext.hierarchy.NodeHierarchyCreator</key>
    <type>org.exoplatform.services.jcr.ext.hierarchy.impl.NodeHierarchyCreatorImpl</type>
  </component>  
  
  
  <component>
  	<key>org.exoplatform.services.cache.CacheService</key>
    <jmx-name>cache:type=CacheService</jmx-name>
  	<type>org.exoplatform.services.cache.impl.CacheServiceImpl</type>
  	<init-params>
      <object-param>
        <name>cache.config.default</name>
        <description>The default cache configuration</description>
        <object type="org.exoplatform.services.cache.ExoCacheConfig">
          <field name="name"><string>default</string></field>
          <field name="maxSize"><int>30000</int></field>
          <field name="liveTime"><long>60000</long></field>
          <field name="distributed"><boolean>false</boolean></field>
          <field name="implementation"><string>org.exoplatform.services.cache.concurrent.ConcurrentFIFOExoCache</string></field>
        </object>
      </object-param>
    </init-params>
  </component> 
  
   <component>
    <key>org.exoplatform.services.cache.ExoCacheFactory</key>
    <type>org.exoplatform.services.cache.impl.jboss.ExoCacheFactoryImpl</type>
    <init-params>
      <value-param>
        <name>cache.config.template</name>
        <value>classpath:/conf/jbosscache/cluster/config.xml</value>
      </value-param>
      <value-param profiles="cluster">
        <name>cache.config.template</name>
        <value>classpath:/conf/jbosscache/cluster/config.xml</value>
      </value-param>
    </init-params>
  </component>
  
  <component>
    <key>org.exoplatform.services.log.LogConfigurationInitializer</key>
    <type>org.exoplatform.services.log.LogConfigurationInitializer</type>
    <init-params>
      <value-param>
        <name>logger</name>
        <value>org.exoplatform.services.log.impl.BufferedLog4JLogger</value>
      </value-param>
      <value-param>
        <name>configurator</name>
        <value>org.exoplatform.services.log.impl.Log4JConfigurator</value>
      </value-param>
      <properties-param>
        <name>properties</name>
        <description>Log4J properties</description>
        <property name="log4j.rootLogger" value="INFO, stdout, file"/>

        <property name="log4j.appender.stdout" value="org.apache.log4j.ConsoleAppender"/>
        <property name="log4j.appender.stdout.threshold" value="INFO"/>

        <property name="log4j.appender.stdout.layout" value="org.apache.log4j.PatternLayout"/>
        <property name="log4j.appender.stdout.layout.ConversionPattern" value="%d{dd.MM.yyyy HH:mm:ss} *%-5p* [%t] %c{1}: %m (%F, line %L) %n"/>

        <property name="log4j.appender.file" value="org.apache.log4j.FileAppender"/>
        <property name="log4j.appender.file.File" value="target/jcr.log"/>

        <property name="log4j.appender.file.layout" value="org.apache.log4j.PatternLayout"/>
        <property name="log4j.appender.file.layout.ConversionPattern" value="%d{dd.MM.yyyy HH:mm:ss} *%-5p* [%t] %c{1}: %m (%F, line %L) %n"/>

        <!-- property name="log4j.category.ext.BackupScheduler" value="DEBUG"/>
        <property name="log4j.category.ext.BackupManagerImpl" value="DEBUG"/ -->

      </properties-param>
    </init-params>
  </component>
  
	<component>
		<type>org.exoplatform.services.jcr.ext.app.ThreadLocalSessionProviderService</type>
	</component>
 <component>
      <key>org.exoplatform.services.jcr.ext.distribution.DataDistributionManager</key>
      <type>org.exoplatform.services.jcr.ext.distribution.impl.DataDistributionManagerImpl</type>     
  </component>
  <component>
    <key>org.exoplatform.services.jcr.ext.hierarchy.NodeHierarchyCreator</key>
    <type>org.exoplatform.services.jcr.ext.hierarchy.impl.NodeHierarchyCreatorImpl</type>
  </component> 

  <component>
	  <type>org.exoplatform.services.jcr.ext.registry.RegistryService</type>
	  <init-params>
	    <properties-param>
	    <name>locations</name>
	    <property name="repository" value="knowledge"/>
	    </properties-param>
	  </init-params>
	</component>

    <component>
      <key>org.exoplatform.services.jcr.RepositoryService</key>
      <type>org.exoplatform.services.jcr.impl.RepositoryServiceImpl</type>
      <component-plugins>
        <component-plugin>
          <name>add.nodeType</name>
          <set-method>addPlugin</set-method>
          <type>org.exoplatform.services.jcr.impl.AddNodeTypePlugin</type>
          <init-params>
	          <values-param>
	            <name>autoCreatedInNewRepository</name>
	            <description>Node types configuration file</description>
	            <value>jar:/conf/portal/test-forum-nodetypes.xml</value>	            
	          </values-param>
	        </init-params>
        </component-plugin>
      </component-plugins>
    </component>
    
    
  <component>
    <key>org.exoplatform.services.resources.LocaleConfigService</key>
    <type>org.exoplatform.services.resources.impl.LocaleConfigServiceImpl</type>
      <init-params>
        <value-param>
          <name>locale.config.file</name>
          <value>jar:/conf/portal/locales-config.xml</value>
        </value-param>
      </init-params>
  </component>
  
    <component>
      <key>org.exoplatform.services.jcr.config.RepositoryServiceConfiguration</key>
      <type>org.exoplatform.services.jcr.impl.config.RepositoryServiceConfigurationImpl</type>
      <init-params>
        <value-param>
          <name>conf-path</name>
          <description>JCR configuration file</description>
          <value>jar:/conf/portal/repository-configuration.xml</value>
        </value-param>
      </init-params>
  </component>

  <external-component-plugins>
    <target-component>org.exoplatform.ks.common.jcr.KSDataLocation</target-component>
    <component-plugin>
      <name>ks.data.location</name>
      <set-method>setLocation</set-method>
      <type>org.exoplatform.ks.common.conf.DataLocationPlugin</type>
      <init-params>
        <value-param>
          <name>workspace</name>
          <description>workspace for KS data</description>
          <value>knowledge</value>
        </value-param>
      </init-params>
    </component-plugin>
  </external-component-plugins>  
  
  <external-component-plugins>
    <target-component>org.exoplatform.services.jcr.ext.hierarchy.NodeHierarchyCreator</target-component>
    <component-plugin>
      <name>addPaths</name>
      <set-method>addPlugin</set-method>
      <type>org.exoplatform.services.jcr.ext.hierarchy.impl.AddPathPlugin</type>            
      <init-params>
        <object-param>
          <name>ks.storage</name>
          <description>ks data storage tree</description>
          <object type="org.exoplatform.services.jcr.ext.hierarchy.impl.HierarchyConfig">
            <field  name="repository"><string>repository</string></field>
            <field name="workspaces">
              <collection type="java.util.ArrayList">
                <value><string>knowledge</string></value>                              
              </collection>               
            </field>
            <field  name="jcrPaths">
              <collection type="java.util.ArrayList">
                <value>               
                  <object type="org.exoplatform.services.jcr.ext.hierarchy.impl.HierarchyConfig$JcrPath">                 
                    <field  name="alias"><string>eXoApplications</string></field>
                    <field  name="path"><string>/exo:applications</string></field>                                          
                    <field name="permissions">
                      <collection type="java.util.ArrayList">               
                        <value>                            
                          <object type="org.exoplatform.services.jcr.ext.hierarchy.impl.HierarchyConfig$Permission">             
                              <field name="identity"><string>*:/platform/administrators</string></field>
                              <field name="read"><string>true</string></field>                
                              <field name="addNode"><string>true</string></field>                
                              <field name="setProperty"><string>true</string></field>                
                              <field name="remove"><string>true</string></field>                
                            </object>  
                        </value>                        
                      </collection>
                    </field>                       
                  </object>
                </value>

                <value>               
                  <object type="org.exoplatform.services.jcr.ext.hierarchy.impl.HierarchyConfig$JcrPath">                 
                    <field  name="alias"><string>ksUserAvatar</string></field>
                    <field  name="path"><string>/exo:applications/ksUserAvatar</string></field> 
                    <field  name="nodeType"><string>nt:unstructured</string></field>                   
                    <field name="permissions">
                      <collection type="java.util.ArrayList">               
                        <value>                            
                          <object type="org.exoplatform.services.jcr.ext.hierarchy.impl.HierarchyConfig$Permission">             
                              <field name="identity"><string>*:/platform/administrators</string></field>
                              <field name="read"><string>true</string></field>                
                              <field name="addNode"><string>true</string></field>                
                              <field name="setProperty"><string>true</string></field>                
                              <field name="remove"><string>true</string></field>                
                            </object>  
                        </value>                        
                      </collection>
                    </field>                       
                  </object>
                </value> 
                                
                <value>               
                  <object type="org.exoplatform.services.jcr.ext.hierarchy.impl.HierarchyConfig$JcrPath">                 
                    <field  name="alias"><string>ForumService</string></field>
                    <field  name="path"><string>/exo:applications/ForumService</string></field> 
                    <field  name="nodeType"><string>exo:forumHome</string></field>                   
                    <field name="permissions">
                      <collection type="java.util.ArrayList">               
                        <value>                            
                          <object type="org.exoplatform.services.jcr.ext.hierarchy.impl.HierarchyConfig$Permission">             
                              <field name="identity"><string>*:/platform/administrators</string></field>
                              <field name="read"><string>true</string></field>                
                              <field name="addNode"><string>true</string></field>                
                              <field name="setProperty"><string>true</string></field>                
                              <field name="remove"><string>true</string></field>                
                            </object>  
                        </value>                        
                      </collection>
                    </field>                       
                  </object>
                </value>                
                
                <value>               
                  <object type="org.exoplatform.services.jcr.ext.hierarchy.impl.HierarchyConfig$JcrPath">                 
                    <field  name="alias"><string>ForumSystem</string></field>
                   <field  name="path"><string>/exo:applications/ForumService/ForumSystem</string></field> 
                    <field  name="nodeType"><string>exo:forumSystem</string></field>                   
                    <field name="permissions">
                      <collection type="java.util.ArrayList">               
                        <value>                            
                          <object type="org.exoplatform.services.jcr.ext.hierarchy.impl.HierarchyConfig$Permission">             
                              <field name="identity"><string>*:/platform/administrators</string></field>
                              <field name="read"><string>true</string></field>                
                              <field name="addNode"><string>true</string></field>                
                              <field name="setProperty"><string>true</string></field>                
                              <field name="remove"><string>true</string></field>                
                            </object>  
                        </value>                        
                      </collection>
                    </field>                       
                  </object>
                </value> 
                
                <value>               
                  <object type="org.exoplatform.services.jcr.ext.hierarchy.impl.HierarchyConfig$JcrPath">                 
                    <field  name="alias"><string>UserProfileHome</string></field>                         
                    <field  name="path"><string>/exo:applications/ForumService/ForumSystem/UserProfileHome</string></field> 
                    <field  name="nodeType"><string>exo:userProfileHome</string></field>                   
                    <field name="permissions">
                      <collection type="java.util.ArrayList">               
                        <value>                            
                          <object type="org.exoplatform.services.jcr.ext.hierarchy.impl.HierarchyConfig$Permission">             
                              <field name="identity"><string>*:/platform/administrators</string></field>
                              <field name="read"><string>true</string></field>                
                              <field name="addNode"><string>true</string></field>                
                              <field name="setProperty"><string>true</string></field>                
                              <field name="remove"><string>true</string></field>                
                            </object>  
                        </value>                        
                      </collection>
                    </field>                       
                  </object>
                </value> 
                
                <value>               
                  <object type="org.exoplatform.services.jcr.ext.hierarchy.impl.HierarchyConfig$JcrPath">                 
                    <field  name="alias"><string>StatisticHome</string></field>                       
                    <field  name="path"><string>/exo:applications/ForumService/ForumSystem/StatisticHome</string></field> 
                    <field  name="nodeType"><string>exo:statisticHome</string></field>                   
                    <field name="permissions">
                      <collection type="java.util.ArrayList">               
                        <value>                            
                          <object type="org.exoplatform.services.jcr.ext.hierarchy.impl.HierarchyConfig$Permission">             
                              <field name="identity"><string>*:/platform/administrators</string></field>
                              <field name="read"><string>true</string></field>                
                              <field name="addNode"><string>true</string></field>                
                              <field name="setProperty"><string>true</string></field>                
                              <field name="remove"><string>true</string></field>                
                            </object>  
                        </value>                        
                      </collection>
                    </field>                       
                  </object>
                </value> 
                
                 <value>               
                  <object type="org.exoplatform.services.jcr.ext.hierarchy.impl.HierarchyConfig$JcrPath">                 
                    <field  name="alias"><string>forumStatistic</string></field>                       
                    <field  name="path"><string>/exo:applications/ForumService/ForumSystem/StatisticHome/forumStatistic</string></field> 
                    <field  name="nodeType"><string>exo:forumStatistic</string></field>                   
                    <field name="permissions">
                      <collection type="java.util.ArrayList">               
                        <value>                            
                          <object type="org.exoplatform.services.jcr.ext.hierarchy.impl.HierarchyConfig$Permission">             
                              <field name="identity"><string>*:/platform/administrators</string></field>
                              <field name="read"><string>true</string></field>                
                              <field name="addNode"><string>true</string></field>                
                              <field name="setProperty"><string>true</string></field>                
                              <field name="remove"><string>true</string></field>                
                            </object>  
                        </value>                        
                      </collection>
                    </field>                       
                  </object>
                </value>                    
 
                <value>               
                  <object type="org.exoplatform.services.jcr.ext.hierarchy.impl.HierarchyConfig$JcrPath">                 
                    <field  name="alias"><string>AdministrationHome</string></field>                        
                    <field  name="path"><string>/exo:applications/ForumService/ForumSystem/AdministrationHome</string></field> 
                    <field  name="nodeType"><string>exo:administrationHome</string></field>                   
                    <field name="permissions">
                      <collection type="java.util.ArrayList">               
                        <value>                            
                          <object type="org.exoplatform.services.jcr.ext.hierarchy.impl.HierarchyConfig$Permission">             
                              <field name="identity"><string>*:/platform/administrators</string></field>
                              <field name="read"><string>true</string></field>                
                              <field name="addNode"><string>true</string></field>                
                              <field name="setProperty"><string>true</string></field>                
                              <field name="remove"><string>true</string></field>                
                            </object>  
                        </value>                        
                      </collection>
                    </field>                       
                  </object>
                </value> 
                
                <value>               
                  <object type="org.exoplatform.services.jcr.ext.hierarchy.impl.HierarchyConfig$JcrPath">                 
                    <field  name="alias"><string>BanIPHome</string></field>                         
                   <field  name="path"><string>/exo:applications/ForumService/ForumSystem/BanIPHome</string></field> 
                    <field  name="nodeType"><string>exo:banIPHome</string></field>                   
                    <field name="permissions">
                      <collection type="java.util.ArrayList">               
                        <value>                            
                          <object type="org.exoplatform.services.jcr.ext.hierarchy.impl.HierarchyConfig$Permission">             
                              <field name="identity"><string>*:/platform/administrators</string></field>
                              <field name="read"><string>true</string></field>                
                              <field name="addNode"><string>true</string></field>                
                              <field name="setProperty"><string>true</string></field>                
                              <field name="remove"><string>true</string></field>                
                            </object>  
                        </value>                        
                      </collection>
                    </field>                       
                  </object>
                </value> 
                
                <value>               
                  <object type="org.exoplatform.services.jcr.ext.hierarchy.impl.HierarchyConfig$JcrPath">                 
                    <field  name="alias"><string>forumBanIP</string></field>                  
                    <field  name="path"><string>/exo:applications/ForumService/ForumSystem/BanIPHome/forumBanIP</string></field> 
                    <field  name="nodeType"><string>exo:banIP</string></field>                   
                    <field name="permissions">
                      <collection type="java.util.ArrayList">               
                        <value>                            
                          <object type="org.exoplatform.services.jcr.ext.hierarchy.impl.HierarchyConfig$Permission">             
                              <field name="identity"><string>*:/platform/administrators</string></field>
                              <field name="read"><string>true</string></field>                
                              <field name="addNode"><string>true</string></field>                
                              <field name="setProperty"><string>true</string></field>                
                              <field name="remove"><string>true</string></field>                
                            </object>  
                        </value>                        
                      </collection>
                    </field>                       
                  </object>
                </value> 
                
                 <value>               
                  <object type="org.exoplatform.services.jcr.ext.hierarchy.impl.HierarchyConfig$JcrPath">                 
                    <field  name="alias"><string>ForumData</string></field>                        
                    <field  name="path"><string>/exo:applications/ForumService/ForumData</string></field> 
                    <field  name="nodeType"><string>exo:forumData</string></field>                   
                    <field name="permissions">
                      <collection type="java.util.ArrayList">               
                        <value>                            
                          <object type="org.exoplatform.services.jcr.ext.hierarchy.impl.HierarchyConfig$Permission">             
                              <field name="identity"><string>*:/platform/administrators</string></field>
                              <field name="read"><string>true</string></field>                
                              <field name="addNode"><string>true</string></field>                
                              <field name="setProperty"><string>true</string></field>                
                              <field name="remove"><string>true</string></field>                
                            </object>  
                        </value>                        
                      </collection>
                    </field>                       
                  </object>
                </value> 
                
                <value>               
                  <object type="org.exoplatform.services.jcr.ext.hierarchy.impl.HierarchyConfig$JcrPath">                 
                    <field  name="alias"><string>TopicTypeHome</string></field>                     
                    <field  name="path"><string>/exo:applications/ForumService/ForumData/TopicTypeHome</string></field> 
                    <field  name="nodeType"><string>exo:topicTypeHome</string></field>                   
                    <field name="permissions">
                      <collection type="java.util.ArrayList">               
                        <value>                            
                          <object type="org.exoplatform.services.jcr.ext.hierarchy.impl.HierarchyConfig$Permission">             
                              <field name="identity"><string>*:/platform/administrators</string></field>
                              <field name="read"><string>true</string></field>                
                              <field name="addNode"><string>true</string></field>                
                              <field name="setProperty"><string>true</string></field>                
                              <field name="remove"><string>true</string></field>                
                            </object>  
                        </value>                        
                      </collection>
                    </field>                       
                  </object>
                </value> 
                
                
                <value>               
                  <object type="org.exoplatform.services.jcr.ext.hierarchy.impl.HierarchyConfig$JcrPath">                 
                    <field  name="alias"><string>CategoryHome</string></field>                        
                    <field  name="path"><string>/exo:applications/ForumService/ForumData/CategoryHome</string></field> 
                    <field  name="nodeType"><string>exo:categoryHome</string></field>                   
                    <field name="permissions">
                      <collection type="java.util.ArrayList">               
                        <value>                            
                          <object type="org.exoplatform.services.jcr.ext.hierarchy.impl.HierarchyConfig$Permission">             
                              <field name="identity"><string>*:/platform/administrators</string></field>
                              <field name="read"><string>true</string></field>                
                              <field name="addNode"><string>true</string></field>                
                              <field name="setProperty"><string>true</string></field>                
                              <field name="remove"><string>true</string></field>                
                            </object>  
                        </value>                        
                      </collection>
                    </field>                       
                  </object>
                </value> 
                
                
                <value>               
                  <object type="org.exoplatform.services.jcr.ext.hierarchy.impl.HierarchyConfig$JcrPath">                 
                    <field  name="alias"><string>TagHome</string></field>                      
                    <field  name="path"><string>/exo:applications/ForumService/ForumData/TagHome</string></field> 
                    <field  name="nodeType"><string>exo:tagHome</string></field>                   
                    <field name="permissions">
                      <collection type="java.util.ArrayList">               
                        <value>                            
                          <object type="org.exoplatform.services.jcr.ext.hierarchy.impl.HierarchyConfig$Permission">             
                              <field name="identity"><string>*:/platform/administrators</string></field>
                              <field name="read"><string>true</string></field>                
                              <field name="addNode"><string>true</string></field>                
                              <field name="setProperty"><string>true</string></field>                
                              <field name="remove"><string>true</string></field>                
                            </object>  
                        </value>                        
                      </collection>
                    </field>                       
                  </object>
                </value> 
                
                
                <value>               
                  <object type="org.exoplatform.services.jcr.ext.hierarchy.impl.HierarchyConfig$JcrPath">                 
                    <field  name="alias"><string>forumBBCode</string></field>                        
                    <field  name="path"><string>/exo:applications/ForumService/ForumData/forumBBCode</string></field> 
                    <field  name="nodeType"><string>exo:forumBBCodeHome</string></field>                   
                    <field name="permissions">
                      <collection type="java.util.ArrayList">               
                        <value>                            
                          <object type="org.exoplatform.services.jcr.ext.hierarchy.impl.HierarchyConfig$Permission">             
                              <field name="identity"><string>*:/platform/administrators</string></field>
                              <field name="read"><string>true</string></field>                
                              <field name="addNode"><string>true</string></field>                
                              <field name="setProperty"><string>true</string></field>                
                              <field name="remove"><string>true</string></field>                
                            </object>  
                        </value>                        
                      </collection>
                    </field>                       
                  </object>
                </value> 
                
                
                <value>               
                  <object type="org.exoplatform.services.jcr.ext.hierarchy.impl.HierarchyConfig$JcrPath">                 
                    <field  name="alias"><string>faqApp</string></field>                        
                    <field  name="path"><string>/exo:applications/faqApp</string></field> 
                    <field  name="nodeType"><string>exo:faqHome</string></field>                   
                    <field name="permissions">
                      <collection type="java.util.ArrayList">               
                        <value>                            
                          <object type="org.exoplatform.services.jcr.ext.hierarchy.impl.HierarchyConfig$Permission">             
                              <field name="identity"><string>*:/platform/administrators</string></field>
                              <field name="read"><string>true</string></field>                
                              <field name="addNode"><string>true</string></field>                
                              <field name="setProperty"><string>true</string></field>                
                              <field name="remove"><string>true</string></field>                
                            </object>  
                        </value>                        
                      </collection>
                    </field>                       
                  </object>
                </value> 
                
                 <value>               
                  <object type="org.exoplatform.services.jcr.ext.hierarchy.impl.HierarchyConfig$JcrPath">                 
                    <field  name="alias"><string>settingHome</string></field>                       
                   <field  name="path"><string>/exo:applications/faqApp/settingHome</string></field> 
                    <field  name="nodeType"><string>exo:faqSettingHome</string></field>                   
                    <field name="permissions">
                      <collection type="java.util.ArrayList">               
                        <value>                            
                          <object type="org.exoplatform.services.jcr.ext.hierarchy.impl.HierarchyConfig$Permission">             
                              <field name="identity"><string>*:/platform/administrators</string></field>
                              <field name="read"><string>true</string></field>                
                              <field name="addNode"><string>true</string></field>                
                              <field name="setProperty"><string>true</string></field>                
                              <field name="remove"><string>true</string></field>                
                            </object>  
                        </value>                        
                      </collection>
                    </field>                       
                  </object>
                </value> 
                 <value>               
                  <object type="org.exoplatform.services.jcr.ext.hierarchy.impl.HierarchyConfig$JcrPath">                 
                    <field  name="alias"><string>userSettingHome</string></field>                       
                   <field  name="path"><string>/exo:applications/faqApp/settingHome/userSettingHome</string></field> 
                    <field  name="nodeType"><string>exo:faqUserSettingHome</string></field>                   
                    <field name="permissions">
                      <collection type="java.util.ArrayList">               
                        <value>                            
                          <object type="org.exoplatform.services.jcr.ext.hierarchy.impl.HierarchyConfig$Permission">             
                              <field name="identity"><string>*:/platform/administrators</string></field>
                              <field name="read"><string>true</string></field>                
                              <field name="addNode"><string>true</string></field>                
                              <field name="setProperty"><string>true</string></field>                
                              <field name="remove"><string>true</string></field>                
                            </object>  
                        </value>                        
                      </collection>
                    </field>                       
                  </object>
                </value>                 
                         
                    
                   <value>               
                  <object type="org.exoplatform.services.jcr.ext.hierarchy.impl.HierarchyConfig$JcrPath">                 
                    <field  name="alias"><string>categories</string></field>
                    <field  name="path"><string>/exo:applications/faqApp/categories</string></field>
                    <field  name="nodeType"><string>exo:faqCategory</string></field>   
                    <field  name="mixinTypes">
                      <collection type="java.util.ArrayList">               
                        <value><string>mix:faqSubCategory</string></value>                        
                      </collection>                    
                    </field>                 
                    <field name="permissions">
                      <collection type="java.util.ArrayList">               
                        <value>                            
                          <object type="org.exoplatform.services.jcr.ext.hierarchy.impl.HierarchyConfig$Permission">             
                              <field name="identity"><string>*:/platform/administrators</string></field>
                              <field name="read"><string>true</string></field>                
                              <field name="addNode"><string>true</string></field>                
                              <field name="setProperty"><string>true</string></field>                
                              <field name="remove"><string>true</string></field>                
                            </object>  
                        </value>                        
                      </collection>
                    </field>                       
                  </object>
                </value> 
                
                <value>               
                  <object type="org.exoplatform.services.jcr.ext.hierarchy.impl.HierarchyConfig$JcrPath">                 
                    <field  name="alias"><string>templateHome</string></field>                    
                    <field  name="path"><string>/exo:applications/faqApp/templateHome</string></field> 
                    <field  name="nodeType"><string>exo:templateHome</string></field>                   
                    <field name="permissions">
                      <collection type="java.util.ArrayList">               
                        <value>                            
                          <object type="org.exoplatform.services.jcr.ext.hierarchy.impl.HierarchyConfig$Permission">             
                              <field name="identity"><string>*:/platform/administrators</string></field>
                              <field name="read"><string>true</string></field>                
                              <field name="addNode"><string>true</string></field>                
                              <field name="setProperty"><string>true</string></field>                
                              <field name="remove"><string>true</string></field>                
                            </object>  
                        </value>                        
                      </collection>
                    </field>                       
                  </object>
                </value> 
                
                <value>               
                  <object type="org.exoplatform.services.jcr.ext.hierarchy.impl.HierarchyConfig$JcrPath">                 
                    <field  name="alias"><string>eXoPolls</string></field>
                    <field  name="path"><string>/exo:applications/eXoPolls</string></field> 
                    <field  name="nodeType"><string>nt:unstructured</string></field>                   
                    <field name="permissions">
                      <collection type="java.util.ArrayList">               
                        <value>                            
                          <object type="org.exoplatform.services.jcr.ext.hierarchy.impl.HierarchyConfig$Permission">             
                              <field name="identity"><string>*:/platform/administrators</string></field>
                              <field name="read"><string>true</string></field>                
                              <field name="addNode"><string>true</string></field>                
                              <field name="setProperty"><string>true</string></field>                
                              <field name="remove"><string>true</string></field>                
                            </object>  
                        </value>                        
                      </collection>
                    </field>                       
                  </object>
                </value>
                
                <value>              	
	              	<object type="org.exoplatform.services.jcr.ext.hierarchy.impl.HierarchyConfig$JcrPath">              	 	
	              		<field  name="alias"><string>groupsPath</string></field>
	                  <field  name="path"><string>/Groups</string></field>
	                  <field name="permissions">
			                <collection type="java.util.ArrayList">               
			                  <value>                            
			                    <object type="org.exoplatform.services.jcr.ext.hierarchy.impl.HierarchyConfig$Permission">             
			                      <field name="identity"><string>*:/platform/administrators</string></field>
			                      <field name="read"><string>true</string></field>                
			                      <field name="addNode"><string>true</string></field>                
			                      <field name="setProperty"><string>true</string></field>                
			                      <field name="remove"><string>true</string></field>                
			                    </object>  
			                  </value>
			                  <value>                            
			                    <object type="org.exoplatform.services.jcr.ext.hierarchy.impl.HierarchyConfig$Permission">             
			                      <field name="identity"><string>any</string></field>
			                      <field name="read"><string>true</string></field>                
			                      <field name="addNode"><string>false</string></field>                
			                      <field name="setProperty"><string>true</string></field>                
			                      <field name="remove"><string>false</string></field>                
			                    </object>  
			                  </value>
			                </collection>
			              </field>   			               
	              	</object>
              	</value>
                
                
                <value>               
                  <object type="org.exoplatform.services.jcr.ext.hierarchy.impl.HierarchyConfig$JcrPath">                 
                    <field  name="alias"><string>faqApp</string></field>                        
                    <field  name="path"><string>/exo:applications/faqApp</string></field> 
                    <field  name="nodeType"><string>exo:faqHome</string></field>                   
                    <field name="permissions">
                      <collection type="java.util.ArrayList">               
                        <value>                            
                          <object type="org.exoplatform.services.jcr.ext.hierarchy.impl.HierarchyConfig$Permission">             
                              <field name="identity"><string>*:/platform/administrators</string></field>
                              <field name="read"><string>true</string></field>                
                              <field name="addNode"><string>true</string></field>                
                              <field name="setProperty"><string>true</string></field>                
                              <field name="remove"><string>true</string></field>                
                            </object>  
                        </value>                        
                      </collection>
                    </field>                       
                  </object>
                </value> 
                
                 <value>               
                  <object type="org.exoplatform.services.jcr.ext.hierarchy.impl.HierarchyConfig$JcrPath">                 
                    <field  name="alias"><string>settingHome</string></field>                       
                   <field  name="path"><string>/exo:applications/faqApp/settingHome</string></field> 
                    <field  name="nodeType"><string>exo:faqSettingHome</string></field>                   
                    <field name="permissions">
                      <collection type="java.util.ArrayList">               
                        <value>                            
                          <object type="org.exoplatform.services.jcr.ext.hierarchy.impl.HierarchyConfig$Permission">             
                              <field name="identity"><string>*:/platform/administrators</string></field>
                              <field name="read"><string>true</string></field>                
                              <field name="addNode"><string>true</string></field>                
                              <field name="setProperty"><string>true</string></field>                
                              <field name="remove"><string>true</string></field>                
                            </object>  
                        </value>                        
                      </collection>
                    </field>                       
                  </object>
                </value> 
                 <value>               
                  <object type="org.exoplatform.services.jcr.ext.hierarchy.impl.HierarchyConfig$JcrPath">                 
                    <field  name="alias"><string>userSettingHome</string></field>                       
                   <field  name="path"><string>/exo:applications/faqApp/settingHome/userSettingHome</string></field> 
                    <field  name="nodeType"><string>exo:faqUserSettingHome</string></field>                   
                    <field name="permissions">
                      <collection type="java.util.ArrayList">               
                        <value>                            
                          <object type="org.exoplatform.services.jcr.ext.hierarchy.impl.HierarchyConfig$Permission">             
                              <field name="identity"><string>*:/platform/administrators</string></field>
                              <field name="read"><string>true</string></field>                
                              <field name="addNode"><string>true</string></field>                
                              <field name="setProperty"><string>true</string></field>                
                              <field name="remove"><string>true</string></field>                
                            </object>  
                        </value>                        
                      </collection>
                    </field>                       
                  </object>
                </value>                 
                         
                    
                   <value>               
                  <object type="org.exoplatform.services.jcr.ext.hierarchy.impl.HierarchyConfig$JcrPath">                 
                    <field  name="alias"><string>categories</string></field>
                    <field  name="path"><string>/exo:applications/faqApp/categories</string></field>
                    <field  name="nodeType"><string>exo:faqCategory</string></field>   
                    <field  name="mixinTypes">
                      <collection type="java.util.ArrayList">               
                        <value><string>mix:faqSubCategory</string></value>                        
                      </collection>                    
                    </field>                 
                    <field name="permissions">
                      <collection type="java.util.ArrayList">               
                        <value>                            
                          <object type="org.exoplatform.services.jcr.ext.hierarchy.impl.HierarchyConfig$Permission">             
                              <field name="identity"><string>*:/platform/administrators</string></field>
                              <field name="read"><string>true</string></field>                
                              <field name="addNode"><string>true</string></field>                
                              <field name="setProperty"><string>true</string></field>                
                              <field name="remove"><string>true</string></field>                
                            </object>  
                        </value>                        
                      </collection>
                    </field>                       
                  </object>
                </value> 
                
                 <value>               
                  <object type="org.exoplatform.services.jcr.ext.hierarchy.impl.HierarchyConfig$JcrPath">                 
                    <field  name="alias"><string>templateHome</string></field>                    
                    <field  name="path"><string>/exo:applications/faqApp/templateHome</string></field> 
                    <field  name="nodeType"><string>exo:templateHome</string></field>                   
                    <field name="permissions">
                      <collection type="java.util.ArrayList">               
                        <value>                            
                          <object type="org.exoplatform.services.jcr.ext.hierarchy.impl.HierarchyConfig$Permission">             
                              <field name="identity"><string>*:/platform/administrators</string></field>
                              <field name="read"><string>true</string></field>                
                              <field name="addNode"><string>true</string></field>                
                              <field name="setProperty"><string>true</string></field>                
                              <field name="remove"><string>true</string></field>                
                            </object>  
                        </value>                        
                      </collection>
                    </field>                       
                  </object>
                </value> 
                                             
              </collection>                               
            </field>
          </object>
        </object-param>
      </init-params>            
    </component-plugin>
  </external-component-plugins> 
	
  <external-component-plugins>
    <target-component>org.exoplatform.services.database.HibernateService</target-component>
    <component-plugin> 
      <name>add.hibernate.mapping</name>
      <set-method>addPlugin</set-method>
      <type>org.exoplatform.services.database.impl.AddHibernateMappingPlugin</type>
      <init-params>
        <values-param>
          <name>hibernate.mapping</name>
          <value>org/exoplatform/services/organization/impl/UserImpl.hbm.xml</value>
          <value>org/exoplatform/services/organization/impl/MembershipImpl.hbm.xml</value>
          <value>org/exoplatform/services/organization/impl/GroupImpl.hbm.xml</value>
          <value>org/exoplatform/services/organization/impl/MembershipTypeImpl.hbm.xml</value>
          <value>org/exoplatform/services/organization/impl/UserProfileData.hbm.xml</value>
        </values-param>
      </init-params>
    </component-plugin>
  </external-component-plugins>
  
	<external-component-plugins>
    <target-component>org.exoplatform.services.naming.InitialContextInitializer</target-component>
    <component-plugin>
      <name>bind.datasource</name>
      <set-method>addPlugin</set-method>
      <type>org.exoplatform.services.naming.BindReferencePlugin</type>
      <init-params>
        <value-param>
          <name>bind-name</name>
          <value>jdbcexo</value>
        </value-param>
        <value-param>
          <name>class-name</name>
          <value>javax.sql.DataSource</value>
        </value-param>
        <value-param>
          <name>factory</name>
          <value>org.apache.commons.dbcp.BasicDataSourceFactory</value>
        </value-param>
        <properties-param>
          <name>ref-addresses</name>
          <description>ref-addresses</description>
          <property name="driverClassName" value="org.hsqldb.jdbcDriver"/>
          <property name="url" value="jdbc:hsqldb:mem:target/temp/data/portal"/>
          <property name="username" value="sa"/>
          <property name="password" value=""/>
        </properties-param>
      </init-params>
    </component-plugin>        
  </external-component-plugins>
  
  <external-component-plugins>
    <target-component>org.exoplatform.services.listener.ListenerService</target-component>
    <component-plugin>
      <name>exo.service.authentication.login</name>
      <set-method>addListener</set-method>
      <type>org.exoplatform.services.organization.auth.MembershipListener</type>
    </component-plugin>
  </external-component-plugins>
  
			

	
	<external-component-plugins>
  	<target-component>org.exoplatform.services.organization.OrganizationService</target-component>  	
	  <component-plugin>
	    <name>ecm.new.group.event.listener</name>
	    <set-method>addListenerPlugin</set-method>
	    <type>org.exoplatform.services.jcr.ext.hierarchy.impl.NewGroupListener</type>
	    <description>description</description>
	    <init-params>
	      <object-param>
	        <name>configuration></name>
	        <description>description</description>
	        <object type="org.exoplatform.services.jcr.ext.hierarchy.impl.HierarchyConfig">
          	<field  name="repository"><string>repository</string></field>
           	<field name="workspaces">
             	<collection type="java.util.ArrayList">
              	<value><string>knowledge</string></value>              	              
              </collection>              	
            </field>            
            <field  name="jcrPaths">
             	<collection type="java.util.ArrayList">
                <value>              	
		             	<object type="org.exoplatform.services.jcr.ext.hierarchy.impl.HierarchyConfig$JcrPath">              	 	
		             		<field name="alias"><string>groupApplicationData</string></field>
		                <field name="path"><string>ApplicationData</string></field>
		                <field name="nodeType"><string>nt:unstructured</string></field>
		                <field name="permissions">
				              <collection type="java.util.ArrayList">               
				                <value>                            
				                  <object type="org.exoplatform.services.jcr.ext.hierarchy.impl.HierarchyConfig$Permission">             
				                    <field name="identity"><string>*:/platform/administrators</string></field>
				                    <field name="read"><string>true</string></field>                
				                    <field name="addNode"><string>true</string></field>                
				                    <field name="setProperty"><string>true</string></field>                
				                    <field name="remove"><string>true</string></field>                
				                  </object>  
				                </value>			                  
			                </collection>
			              </field>			                 			               
	              	</object>
              	</value>                             	              	             
             	</collection>
            </field>            
	        </object>
	      </object-param>
	    </init-params> 
	  </component-plugin>
	  <component-plugin>
	    <name>ecm.new.user.event.listener</name>
	    <set-method>addListenerPlugin</set-method>
	    <type>org.exoplatform.services.jcr.ext.hierarchy.impl.NewUserListener</type>
	    <description>description</description>
	    <init-params>
	      <object-param>
	        <name>configuration</name>
	        <description>description</description>
	        <object type="org.exoplatform.services.jcr.ext.hierarchy.impl.HierarchyConfig">
          	<field  name="repository"><string>repository</string></field>
           	<field name="workspaces">
             	<collection type="java.util.ArrayList">
              	<value><string>collaboration</string></value>              	              
              </collection>              	
            </field>            
            <field  name="jcrPaths">
             	<collection type="java.util.ArrayList">
                <value>              	
		             	<object type="org.exoplatform.services.jcr.ext.hierarchy.impl.HierarchyConfig$JcrPath">              	 	
		             		<field name="alias"><string>userApplicationData</string></field>
		                <field name="path"><string>ApplicationData</string></field>
		                <field name="nodeType"><string>nt:unstructured</string></field>
		                <field name="permissions">
				              <collection type="java.util.ArrayList">               
				                <value>                            
				                  <object type="org.exoplatform.services.jcr.ext.hierarchy.impl.HierarchyConfig$Permission">             
				                    <field name="identity"><string>*:/platform/administrators</string></field>
				                    <field name="read"><string>true</string></field>                
				                    <field name="addNode"><string>true</string></field>                
				                    <field name="setProperty"><string>true</string></field>                
				                    <field name="remove"><string>true</string></field>                
				                  </object>  
				                </value>			                  
			                </collection>
			              </field>			                 			               
	              	</object>
              	</value>                
             	</collection>
            </field>	          
	        </object>
	      </object-param>
	    </init-params>
	  </component-plugin>	  	  	  	  
	</external-component-plugins>

  <external-component-plugins>
    <target-component>org.exoplatform.services.organization.OrganizationService</target-component>
    <component-plugin>
      <name>init.service.listener</name>
      <set-method>addListenerPlugin</set-method>
      <type>org.exoplatform.services.organization.OrganizationDatabaseInitializer</type>
      <description>this listener populate organization data for the first launch</description>
      <init-params>      
        <value-param>
          <name>checkDatabaseAlgorithm</name>
          <description>check database</description>
          <value>entry</value>
        </value-param>      
        <value-param>
          <name>printInformation</name>
          <description>Print information init database</description>
          <value>false</value>
        </value-param> 
        <object-param>
          <name>configuration</name>
          <description>description</description>
          <object type="org.exoplatform.services.organization.OrganizationConfig">
            <field  name="membershipType">
              <collection type="java.util.ArrayList">
              	<value>
                  <object type="org.exoplatform.services.organization.OrganizationConfig$MembershipType">
                    <field  name="type"><string>manager</string></field>
                    <field  name="description"><string>manager membership type</string></field>
                  </object>
                </value>
                <value>
                  <object type="org.exoplatform.services.organization.OrganizationConfig$MembershipType">
                    <field  name="type"><string>member</string></field>
                    <field  name="description"><string>member membership type</string></field>
                  </object>
                </value>                
                <value>
                  <object type="org.exoplatform.services.organization.OrganizationConfig$MembershipType">
                    <field  name="type"><string>validator</string></field>
                    <field  name="description"><string>validator membership type</string></field>
                  </object>
                </value>
              </collection>
            </field>

            <field  name="group">
              <collection type="java.util.ArrayList">             
                <value>
                  <object type="org.exoplatform.services.organization.OrganizationConfig$Group">
                    <field  name="name"><string>platform</string></field>
                    <field  name="parentId"><string></string></field>
                    <field  name="description"><string>the /platform group</string></field>
                    <field  name="label"><string>Platform</string></field>                    
                  </object>
                </value>
                <value>
                  <object type="org.exoplatform.services.organization.OrganizationConfig$Group">
                    <field  name="name"><string>administrators</string></field>
                    <field  name="parentId"><string>/platform</string></field>
                    <field  name="description"><string>the /platform/administrators group</string></field>
                    <field  name="label"><string>Administrators</string></field>
                  </object>
                </value>
                <value>
                  <object type="org.exoplatform.services.organization.OrganizationConfig$Group">
                    <field  name="name"><string>users</string></field>
                    <field  name="parentId"><string>/platform</string></field>
                    <field  name="description"><string>the /platform/users group</string></field>
                    <field  name="label"><string>Users</string></field>
                  </object>
                </value>
                <value>
                  <object type="org.exoplatform.services.organization.OrganizationConfig$Group">
                    <field  name="name"><string>guests</string></field>
                    <field  name="parentId"><string>/platform</string></field>
                    <field  name="description"><string>the /platform/guests group</string></field>
                    <field  name="label"><string>Guests</string></field>
                  </object>
                </value>
                <value>
                  <object type="org.exoplatform.services.organization.OrganizationConfig$Group">
                    <field  name="name"><string>organization</string></field>
                    <field  name="parentId"><string></string></field>
                    <field  name="description"><string>the organization group</string></field>
                    <field  name="label"><string>Organization</string></field>
                  </object>
                </value>
                <value>
                  <object type="org.exoplatform.services.organization.OrganizationConfig$Group">
                    <field  name="name"><string>management</string></field>
                    <field  name="parentId"><string>/organization</string></field>
                    <field  name="description"><string>the /organization/management group</string></field>
                    <field  name="label"><string>Management</string></field>
                  </object>
                </value>
                <value>
                  <object type="org.exoplatform.services.organization.OrganizationConfig$Group">
                    <field  name="name"><string>executive-board</string></field>
                    <field  name="parentId"><string>/organization/management</string></field>
                    <field  name="description"><string>the /organization/management/executive-board group</string></field>
                    <field  name="label"><string>Executive Board</string></field>
                  </object>
                </value>
                <value>
                  <object type="org.exoplatform.services.organization.OrganizationConfig$Group">
                    <field  name="name"><string>human-resources</string></field>
                    <field  name="parentId"><string>/organization/management</string></field>
                    <field  name="description"><string>the /organization/management/human-resource group</string></field>
                    <field  name="label"><string>Human Resources</string></field>
                  </object>
                </value>
                <value>
                  <object type="org.exoplatform.services.organization.OrganizationConfig$Group">
                    <field  name="name"><string>communication</string></field>
                    <field  name="parentId"><string>/organization</string></field>
                    <field  name="description"><string>the /organization/communication group</string></field>
                    <field  name="label"><string>Communication</string></field>
                  </object>
                </value>
                <value>
                  <object type="org.exoplatform.services.organization.OrganizationConfig$Group">
                    <field  name="name"><string>marketing</string></field>
                    <field  name="parentId"><string>/organization/communication</string></field>
                    <field  name="description"><string>the /organization/communication/marketing group</string></field>
                    <field  name="label"><string>Marketing</string></field>
                  </object>
                </value>
                <value>
                  <object type="org.exoplatform.services.organization.OrganizationConfig$Group">
                    <field  name="name"><string>press-and-media</string></field>
                    <field  name="parentId"><string>/organization/communication</string></field>
                    <field  name="description"><string>the /organization/communication/press-and-media group</string></field>
                    <field  name="label"><string>Press and Media</string></field>
                  </object>
                </value>
                <value>
                  <object type="org.exoplatform.services.organization.OrganizationConfig$Group">
                    <field  name="name"><string>operations</string></field>
                    <field  name="parentId"><string>/organization</string></field>
                    <field  name="description"><string>the /organization/operations and media group</string></field>
                    <field  name="label"><string>Operations</string></field>
                  </object>
                </value>
                <value>
                  <object type="org.exoplatform.services.organization.OrganizationConfig$Group">
                    <field  name="name"><string>sales</string></field>
                    <field  name="parentId"><string>/organization/operations</string></field>
                    <field  name="description"><string>the /organization/operations/sales group</string></field>
                    <field  name="label"><string>Sales</string></field>
                  </object>
                </value>
                <value>
                  <object type="org.exoplatform.services.organization.OrganizationConfig$Group">
                    <field  name="name"><string>finances</string></field>
                    <field  name="parentId"><string>/organization/operations</string></field>
                    <field  name="description"><string>the /organization/operations/finances group</string></field>
                    <field  name="label"><string>Finances</string></field>
                  </object>
                </value>
                <value>
                  <object type="org.exoplatform.services.organization.OrganizationConfig$Group">
                    <field  name="name"><string>customers</string></field>
                    <field  name="parentId"><string></string></field>
                    <field  name="description"><string>the /customers group</string></field>
                    <field  name="label"><string>Customers</string></field>
                  </object>
                </value>                
                <value>
                  <object type="org.exoplatform.services.organization.OrganizationConfig$Group">
                    <field  name="name"><string>partners</string></field>
                    <field  name="parentId"><string></string></field>
                    <field  name="description"><string>the /partners group</string></field>
                    <field  name="label"><string>Partners</string></field>
                  </object>
                </value>                
              </collection>
            </field>

            <field  name="user">
              <collection type="java.util.ArrayList">
                <value>
                  <object type="org.exoplatform.services.organization.OrganizationConfig$User">
                    <field  name="userName"><string>root</string></field>
                    <field  name="password"><string>exo</string></field>
                    <field  name="firstName"><string>Root</string></field>
                    <field  name="lastName"><string>Root</string></field>
                    <field  name="email"><string>root@localhost</string></field>
                    <field  name="groups">
                      <string>
                      	manager:/platform/administrators,member:/platform/users,
                      	member:/organization/management/executive-board
                      </string>
                    </field>
                  </object>
                </value>
                
                <value>
                  <object type="org.exoplatform.services.organization.OrganizationConfig$User">
                    <field  name="userName"><string>john</string></field>
                    <field  name="password"><string>exo</string></field>
                    <field  name="firstName"><string>John</string></field>
                    <field  name="lastName"><string>Anthony</string></field>
                    <field  name="email"><string>john@localhost</string></field>
                    <field  name="groups">
                      <string>
                      	member:/platform/administrators,member:/platform/users,
                      	manager:/organization/management/executive-board
                      </string>
                    </field>
                  </object>
                </value>                                                        
                <value>
                  <object type="org.exoplatform.services.organization.OrganizationConfig$User">
                    <field  name="userName"><string>marry</string></field>
                    <field  name="password"><string>exo</string></field>
                    <field  name="firstName"><string>Marry</string></field>
                    <field  name="lastName"><string>Kelly</string></field>
                    <field  name="email"><string>marry@localhost</string></field>
                    <field  name="groups">
                      <string>member:/platform/users</string>
                    </field>
                  </object>
                </value>
                <value>
                  <object type="org.exoplatform.services.organization.OrganizationConfig$User">
                    <field  name="userName"><string>demo</string></field>
                    <field  name="password"><string>exo</string></field>
                    <field  name="firstName"><string>Demo</string></field>
                    <field  name="lastName"><string>exo</string></field>
                    <field  name="email"><string>demo@localhost</string></field>
                    <field  name="groups">
                      <string>member:/platform/guests,member:/platform/users</string>
                    </field>
                  </object>
                </value>                       
              </collection>
            </field>
          </object>
        </object-param>
      </init-params>
    </component-plugin>

  </external-component-plugins>
  
  
  <remove-configuration>org.exoplatform.services.jcr.impl.storage.jdbc.optimisation.CQJDBCWorkspaceDataContainer</remove-configuration>    
  <remove-configuration>org.exoplatform.services.transaction.ExoTransactionService</remove-configuration>
  <remove-configuration>org.exoplatform.services.deployment.ContentInitializerService</remove-configuration>
</configuration>
