<nodeTypes xmlns:nt="http://www.jcp.org/jcr/nt/1.0" xmlns:mix="http://www.jcp.org/jcr/mix/1.0"
  xmlns:jcr="http://www.jcp.org/jcr/1.0">
            
  <nodeType name="exo:info" isMixin="false" hasOrderableChildNodes="false" primaryItemName="">
    <supertypes>
      <supertype>nt:base</supertype>      
    </supertypes>
    <propertyDefinitions>
      <propertyDefinition name="exo:name" requiredType="String" autoCreated="false" mandatory="false" onParentVersion="COPY"
        protected="false" multiple="false">
        <valueConstraints/>      
      </propertyDefinition>
      <propertyDefinition name="exo:height" requiredType="String" autoCreated="false" mandatory="false" onParentVersion="COPY"
        protected="false" multiple="false">
        <valueConstraints/>        
      </propertyDefinition>
      <propertyDefinition name="exo:weight" requiredType="String" autoCreated="false" mandatory="false" onParentVersion="COPY"
        protected="false" multiple="false">
        <valueConstraints/>        
      </propertyDefinition>      
      <propertyDefinition name="exo:YOB" requiredType="String" autoCreated="false" mandatory="false" onParentVersion="COPY"
        protected="false" multiple="false">
        <valueConstraints/>        
      </propertyDefinition>
      <propertyDefinition name="exo:location" requiredType="String" autoCreated="false" mandatory="false" onParentVersion="COPY"
        protected="false" multiple="false">
        <valueConstraints/>        
      </propertyDefinition>
    </propertyDefinitions>    
  </nodeType>	       	             
</nodeTypes>
  
	


  
